
Bookモデルのテスト
  バリデーションのテスト
    titleカラム
[32m      空欄でないこと[0m
    bodyカラム
[32m      空欄でないこと[0m
[32m      200文字以下であること[0m
  アソシエーションのテスト
    Userモデルとの関係
[31m      N:1となっている (FAILED - 1)[0m

Userモデルのテスト
  バリデーションのテスト
    nameカラム
[32m      空欄でないこと[0m
[32m      2文字以上であること[0m
[32m      20文字以下であること[0m
    introductionカラム
[31m      50文字以下であること (FAILED - 2)[0m
  アソシエーションのテスト
    Bookモデルとの関係
[32m      1:Nとなっている[0m

投稿のテスト
  サイドバーのテスト
    表示の確認
[31m      New bookと表示される (FAILED - 3)[0m
[31m      titleフォームが表示される (FAILED - 4)[0m
[31m      opinionフォームが表示される (FAILED - 5)[0m
[31m      Create Bookボタンが表示される (FAILED - 6)[0m
[31m      投稿に成功する (FAILED - 7)[0m
[31m      投稿に失敗する (FAILED - 8)[0m
  編集のテスト
    自分の投稿の編集画面への遷移
[31m      遷移できる (FAILED - 9)[0m
    他人の投稿の編集画面への遷移
[31m      遷移できない (FAILED - 10)[0m
    表示の確認
[31m      Editing Bookと表示される (FAILED - 11)[0m
[31m      title編集フォームが表示される (FAILED - 12)[0m
[31m      opinion編集フォームが表示される (FAILED - 13)[0m
[31m      Showリンクが表示される (FAILED - 14)[0m
[31m      Backリンクが表示される (FAILED - 15)[0m
    フォームの確認
[31m      編集に成功する (FAILED - 16)[0m
[31m      編集に失敗する (FAILED - 17)[0m
  一覧画面のテスト
    表示の確認
[31m      Booksと表示される (FAILED - 18)[0m
[31m      自分と他人の画像のリンク先が正しい (FAILED - 19)[0m
[31m      自分と他人のタイトルのリンク先が正しい (FAILED - 20)[0m
[31m      自分と他人のオピニオンが表示される (FAILED - 21)[0m
  詳細画面のテスト
    自分・他人共通の投稿詳細画面の表示を確認
[31m      Book detailと表示される (FAILED - 22)[0m
[31m      ユーザー画像・名前のリンク先が正しい (FAILED - 23)[0m
[31m      投稿のtitleが表示される (FAILED - 24)[0m
[31m      投稿のopinionが表示される (FAILED - 25)[0m
    自分の投稿詳細画面の表示を確認
[31m      投稿の編集リンクが表示される (FAILED - 26)[0m
[31m      投稿の削除リンクが表示される (FAILED - 27)[0m
    他人の投稿詳細画面の表示を確認
[31m      投稿の編集リンクが表示されない (FAILED - 28)[0m
[31m      投稿の削除リンクが表示されない (FAILED - 29)[0m

bootstrapのテスト
  グリッドシステムのテスト
    ユーザー関連画面
[31m      一覧画面 (FAILED - 30)[0m
[31m      詳細画面 (FAILED - 31)[0m
    投稿関連画面
[31m      一覧画面 (FAILED - 32)[0m
[31m      詳細画面 (FAILED - 33)[0m

ヘッダーのテスト
  ログインしていない場合
    ヘッダーの表示を確認
[32m      タイトルが表示される[0m
[32m      Homeリンクが表示される[0m
[32m      Aboutリンクが表示される[0m
[32m      Sign upリンクが表示される[0m
[32m      loginリンクが表示される[0m
    ヘッダーのリンクを確認
[32m      Home画面に遷移する[0m
[32m      About画面に遷移する[0m
[32m      新規登録画面に遷移する[0m
[32m      ログイン画面に遷移する[0m
  ログインしている場合
    ヘッダーの表示を確認
[32m      タイトルが表示される[0m
[32m      Homeリンクが表示される[0m
[32m      Usersリンクが表示される[0m
[32m      Booksリンクが表示される[0m
[32m      logoutリンクが表示される[0m
    ヘッダーのリンクを確認
[32m      Home画面に遷移する[0m
[31m      Users画面に遷移する (FAILED - 34)[0m
[32m      Books画面に遷移する[0m
[31m      logoutする (FAILED - 35)[0m

ユーザー権限のテスト
  ログインしていない場合
    投稿関連のURLにアクセス
[31m      一覧画面に遷移できない (FAILED - 36)[0m
[31m      編集画面に遷移できない (FAILED - 37)[0m
[31m      詳細画面に遷移できない (FAILED - 38)[0m
  ログインしていない場合にユーザー関連のURLにアクセス
    ユーザー関連のURLにアクセス
[31m      一覧画面に遷移できない (FAILED - 39)[0m
[31m      編集画面に遷移できない (FAILED - 40)[0m
[31m      詳細画面に遷移でない (FAILED - 41)[0m

トップページのテスト
  ボディ部分のテスト
    表示の確認
[32m      Log inリンクが表示される[0m
[32m      Sign Upリンクが表示される[0m
    ログインしている場合の挙動を確認
[32m      Log inリンクをクリックしたらユーザー詳細画面へ遷移する[0m
[32m      Sign Upリンクをクリックしたらユーザー詳細画面に遷移する[0m
    ログインしていない場合の挙動を確認
[32m      Log inリンクをクリックしたらログイン画面へ遷移する[0m
[32m      Sign Upリンクをクリックしたら新規登録画面に遷移する[0m

ユーザー認証のテスト
  ユーザー新規登録
    新規登録画面に遷移
[32m      新規登録に成功する[0m
[32m      新規登録に失敗する[0m
  ユーザーログイン
    ログイン画面に遷移
[32m      ログインに成功する[0m
[32m      ログインに失敗する[0m

ユーザーのテスト
  サイドバーのテスト
    表示の確認
[31m      User infoと表示される (FAILED - 42)[0m
[31m      画像が表示される (FAILED - 43)[0m
[31m      名前が表示される (FAILED - 44)[0m
[31m      自己紹介が表示される (FAILED - 45)[0m
[31m      編集リンクが表示される (FAILED - 46)[0m
  編集のテスト
    自分の編集画面への遷移
[31m      遷移できる (FAILED - 47)[0m
    他人の編集画面への遷移
[31m      遷移できない (FAILED - 48)[0m
    表示の確認
[31m      User infoと表示される (FAILED - 49)[0m
[31m      名前編集フォームに自分の名前が表示される (FAILED - 50)[0m
[31m      画像編集フォームが表示される (FAILED - 51)[0m
[31m      自己紹介編集フォームに自分の自己紹介が表示される (FAILED - 52)[0m
[31m      編集に成功する (FAILED - 53)[0m
[31m      編集に失敗する (FAILED - 54)[0m
  一覧画面のテスト
    表示の確認
[31m      Usersと表示される (FAILED - 55)[0m
[31m      自分と他の人の画像が表示される (FAILED - 56)[0m
[31m      自分と他の人の名前が表示される (FAILED - 57)[0m
[31m      showリンクが表示される (FAILED - 58)[0m
  詳細画面のテスト
    表示の確認
[31m      Booksと表示される (FAILED - 59)[0m
[31m      投稿一覧のユーザーの画像のリンク先が正しい (FAILED - 60)[0m
[31m      投稿一覧のtitleのリンク先が正しい (FAILED - 61)[0m
[31m      投稿一覧にopinionが表示される (FAILED - 62)[0m

Failures:

  1) Bookモデルのテスト アソシエーションのテスト Userモデルとの関係 N:1となっている
     [31mFailure/Error: expect(Book.reflect_on_association(:user).macro).to eq :belongs_to[0m
     [31m[0m
     [31m  expected: :belongs_to[0m
     [31m       got: :has_many[0m
     [31m[0m
     [31m  (compared using ==)[0m
     [31m[0m
     [31m  Diff:[0m[0m
     [31m  [0m[34m@@ -1 +1 @@[0m
     [31m  [0m[31m-:belongs_to[0m
     [31m  [0m[32m+:has_many[0m
     [31m  [0m[0m
     [36m# ./spec/models/book_spec.rb:28:in `block (4 levels) in <top (required)>'[0m

  2) Userモデルのテスト バリデーションのテスト introductionカラム 50文字以下であること
     [31mFailure/Error: is_expected.to eq false[0m
     [31m[0m
     [31m  expected: false[0m
     [31m       got: true[0m
     [31m[0m
     [31m  (compared using ==)[0m
     [31m[0m
     [31m  Diff:[0m[0m
     [31m  [0m[34m@@ -1 +1 @@[0m
     [31m  [0m[31m-false[0m
     [31m  [0m[32m+true[0m
     [31m  [0m[0m
     [36m# ./spec/models/user_spec.rb:32:in `block (4 levels) in <main>'[0m

  3) 投稿のテスト サイドバーのテスト 表示の確認 New bookと表示される
     [31mFailure/Error: let!(:book) { create(:book, user: user) }[0m
     [31m[0m
     [31mNoMethodError:[0m
     [31m  undefined method `each' for #<User:0x0000000006721b80>[0m
     [31m[0m
     [31m[0m
     [31m[0m
     [36m# /home/ec2-user/.rvm/gems/ruby-2.6.3/gems/factory_bot-6.1.0/lib/factory_bot/attribute_assigner.rb:16:in `public_send'[0m
     [36m# /home/ec2-user/.rvm/gems/ruby-2.6.3/gems/factory_bot-6.1.0/lib/factory_bot/attribute_assigner.rb:16:in `block (2 levels) in object'[0m
     [36m# /home/ec2-user/.rvm/gems/ruby-2.6.3/gems/factory_bot-6.1.0/lib/factory_bot/attribute_assigner.rb:15:in `each'[0m
     [36m# /home/ec2-user/.rvm/gems/ruby-2.6.3/gems/factory_bot-6.1.0/lib/factory_bot/attribute_assigner.rb:15:in `block in object'[0m
     [36m# /home/ec2-user/.rvm/gems/ruby-2.6.3/gems/factory_bot-6.1.0/lib/factory_bot/attribute_assigner.rb:14:in `tap'[0m
     [36m# /home/ec2-user/.rvm/gems/ruby-2.6.3/gems/factory_bot-6.1.0/lib/factory_bot/attribute_assigner.rb:14:in `object'[0m
     [36m# /home/ec2-user/.rvm/gems/ruby-2.6.3/gems/factory_bot-6.1.0/lib/factory_bot/evaluation.rb:13:in `object'[0m
     [36m# /home/ec2-user/.rvm/gems/ruby-2.6.3/gems/factory_bot-6.1.0/lib/factory_bot/strategy/create.rb:9:in `result'[0m
     [36m# /home/ec2-user/.rvm/gems/ruby-2.6.3/gems/factory_bot-6.1.0/lib/factory_bot/factory.rb:43:in `run'[0m
     [36m# /home/ec2-user/.rvm/gems/ruby-2.6.3/gems/factory_bot-6.1.0/lib/factory_bot/factory_runner.rb:29:in `block in run'[0m
     [36m# /home/ec2-user/.rvm/gems/ruby-2.6.3/gems/factory_bot-6.1.0/lib/factory_bot/factory_runner.rb:28:in `run'[0m
     [36m# /home/ec2-user/.rvm/gems/ruby-2.6.3/gems/factory_bot-6.1.0/lib/factory_bot/strategy_syntax_method_registrar.rb:28:in `block in define_singular_strategy_method'[0m
     [36m# ./spec/system/books_spec.rb:6:in `block (2 levels) in <main>'[0m

  4) 投稿のテスト サイドバーのテスト 表示の確認 titleフォームが表示される
     [31mFailure/Error: let!(:book) { create(:book, user: user) }[0m
     [31m[0m
     [31mNoMethodError:[0m
     [31m  undefined method `each' for #<User:0x00000000068c9488>[0m
     [31m[0m
     [31m[0m
     [31m[0m
     [36m# /home/ec2-user/.rvm/gems/ruby-2.6.3/gems/factory_bot-6.1.0/lib/factory_bot/attribute_assigner.rb:16:in `public_send'[0m
     [36m# /home/ec2-user/.rvm/gems/ruby-2.6.3/gems/factory_bot-6.1.0/lib/factory_bot/attribute_assigner.rb:16:in `block (2 levels) in object'[0m
     [36m# /home/ec2-user/.rvm/gems/ruby-2.6.3/gems/factory_bot-6.1.0/lib/factory_bot/attribute_assigner.rb:15:in `each'[0m
     [36m# /home/ec2-user/.rvm/gems/ruby-2.6.3/gems/factory_bot-6.1.0/lib/factory_bot/attribute_assigner.rb:15:in `block in object'[0m
     [36m# /home/ec2-user/.rvm/gems/ruby-2.6.3/gems/factory_bot-6.1.0/lib/factory_bot/attribute_assigner.rb:14:in `tap'[0m
     [36m# /home/ec2-user/.rvm/gems/ruby-2.6.3/gems/factory_bot-6.1.0/lib/factory_bot/attribute_assigner.rb:14:in `object'[0m
     [36m# /home/ec2-user/.rvm/gems/ruby-2.6.3/gems/factory_bot-6.1.0/lib/factory_bot/evaluation.rb:13:in `object'[0m
     [36m# /home/ec2-user/.rvm/gems/ruby-2.6.3/gems/factory_bot-6.1.0/lib/factory_bot/strategy/create.rb:9:in `result'[0m
     [36m# /home/ec2-user/.rvm/gems/ruby-2.6.3/gems/factory_bot-6.1.0/lib/factory_bot/factory.rb:43:in `run'[0m
     [36m# /home/ec2-user/.rvm/gems/ruby-2.6.3/gems/factory_bot-6.1.0/lib/factory_bot/factory_runner.rb:29:in `block in run'[0m
     [36m# /home/ec2-user/.rvm/gems/ruby-2.6.3/gems/factory_bot-6.1.0/lib/factory_bot/factory_runner.rb:28:in `run'[0m
     [36m# /home/ec2-user/.rvm/gems/ruby-2.6.3/gems/factory_bot-6.1.0/lib/factory_bot/strategy_syntax_method_registrar.rb:28:in `block in define_singular_strategy_method'[0m
     [36m# ./spec/system/books_spec.rb:6:in `block (2 levels) in <main>'[0m

  5) 投稿のテスト サイドバーのテスト 表示の確認 opinionフォームが表示される
     [31mFailure/Error: let!(:book) { create(:book, user: user) }[0m
     [31m[0m
     [31mNoMethodError:[0m
     [31m  undefined method `each' for #<User:0x0000000006497b08>[0m
     [31m[0m
     [31m[0m
     [31m[0m
     [36m# /home/ec2-user/.rvm/gems/ruby-2.6.3/gems/factory_bot-6.1.0/lib/factory_bot/attribute_assigner.rb:16:in `public_send'[0m
     [36m# /home/ec2-user/.rvm/gems/ruby-2.6.3/gems/factory_bot-6.1.0/lib/factory_bot/attribute_assigner.rb:16:in `block (2 levels) in object'[0m
     [36m# /home/ec2-user/.rvm/gems/ruby-2.6.3/gems/factory_bot-6.1.0/lib/factory_bot/attribute_assigner.rb:15:in `each'[0m
     [36m# /home/ec2-user/.rvm/gems/ruby-2.6.3/gems/factory_bot-6.1.0/lib/factory_bot/attribute_assigner.rb:15:in `block in object'[0m
     [36m# /home/ec2-user/.rvm/gems/ruby-2.6.3/gems/factory_bot-6.1.0/lib/factory_bot/attribute_assigner.rb:14:in `tap'[0m
     [36m# /home/ec2-user/.rvm/gems/ruby-2.6.3/gems/factory_bot-6.1.0/lib/factory_bot/attribute_assigner.rb:14:in `object'[0m
     [36m# /home/ec2-user/.rvm/gems/ruby-2.6.3/gems/factory_bot-6.1.0/lib/factory_bot/evaluation.rb:13:in `object'[0m
     [36m# /home/ec2-user/.rvm/gems/ruby-2.6.3/gems/factory_bot-6.1.0/lib/factory_bot/strategy/create.rb:9:in `result'[0m
     [36m# /home/ec2-user/.rvm/gems/ruby-2.6.3/gems/factory_bot-6.1.0/lib/factory_bot/factory.rb:43:in `run'[0m
     [36m# /home/ec2-user/.rvm/gems/ruby-2.6.3/gems/factory_bot-6.1.0/lib/factory_bot/factory_runner.rb:29:in `block in run'[0m
     [36m# /home/ec2-user/.rvm/gems/ruby-2.6.3/gems/factory_bot-6.1.0/lib/factory_bot/factory_runner.rb:28:in `run'[0m
     [36m# /home/ec2-user/.rvm/gems/ruby-2.6.3/gems/factory_bot-6.1.0/lib/factory_bot/strategy_syntax_method_registrar.rb:28:in `block in define_singular_strategy_method'[0m
     [36m# ./spec/system/books_spec.rb:6:in `block (2 levels) in <main>'[0m

  6) 投稿のテスト サイドバーのテスト 表示の確認 Create Bookボタンが表示される
     [31mFailure/Error: let!(:book) { create(:book, user: user) }[0m
     [31m[0m
     [31mNoMethodError:[0m
     [31m  undefined method `each' for #<User:0x000000000638a350>[0m
     [31m[0m
     [31m[0m
     [31m[0m
     [36m# /home/ec2-user/.rvm/gems/ruby-2.6.3/gems/factory_bot-6.1.0/lib/factory_bot/attribute_assigner.rb:16:in `public_send'[0m
     [36m# /home/ec2-user/.rvm/gems/ruby-2.6.3/gems/factory_bot-6.1.0/lib/factory_bot/attribute_assigner.rb:16:in `block (2 levels) in object'[0m
     [36m# /home/ec2-user/.rvm/gems/ruby-2.6.3/gems/factory_bot-6.1.0/lib/factory_bot/attribute_assigner.rb:15:in `each'[0m
     [36m# /home/ec2-user/.rvm/gems/ruby-2.6.3/gems/factory_bot-6.1.0/lib/factory_bot/attribute_assigner.rb:15:in `block in object'[0m
     [36m# /home/ec2-user/.rvm/gems/ruby-2.6.3/gems/factory_bot-6.1.0/lib/factory_bot/attribute_assigner.rb:14:in `tap'[0m
     [36m# /home/ec2-user/.rvm/gems/ruby-2.6.3/gems/factory_bot-6.1.0/lib/factory_bot/attribute_assigner.rb:14:in `object'[0m
     [36m# /home/ec2-user/.rvm/gems/ruby-2.6.3/gems/factory_bot-6.1.0/lib/factory_bot/evaluation.rb:13:in `object'[0m
     [36m# /home/ec2-user/.rvm/gems/ruby-2.6.3/gems/factory_bot-6.1.0/lib/factory_bot/strategy/create.rb:9:in `result'[0m
     [36m# /home/ec2-user/.rvm/gems/ruby-2.6.3/gems/factory_bot-6.1.0/lib/factory_bot/factory.rb:43:in `run'[0m
     [36m# /home/ec2-user/.rvm/gems/ruby-2.6.3/gems/factory_bot-6.1.0/lib/factory_bot/factory_runner.rb:29:in `block in run'[0m
     [36m# /home/ec2-user/.rvm/gems/ruby-2.6.3/gems/factory_bot-6.1.0/lib/factory_bot/factory_runner.rb:28:in `run'[0m
     [36m# /home/ec2-user/.rvm/gems/ruby-2.6.3/gems/factory_bot-6.1.0/lib/factory_bot/strategy_syntax_method_registrar.rb:28:in `block in define_singular_strategy_method'[0m
     [36m# ./spec/system/books_spec.rb:6:in `block (2 levels) in <main>'[0m

  7) 投稿のテスト サイドバーのテスト 表示の確認 投稿に成功する
     [31mFailure/Error: let!(:book) { create(:book, user: user) }[0m
     [31m[0m
     [31mNoMethodError:[0m
     [31m  undefined method `each' for #<User:0x00000000068f0330>[0m
     [31m[0m
     [31m[0m
     [31m[0m
     [36m# /home/ec2-user/.rvm/gems/ruby-2.6.3/gems/factory_bot-6.1.0/lib/factory_bot/attribute_assigner.rb:16:in `public_send'[0m
     [36m# /home/ec2-user/.rvm/gems/ruby-2.6.3/gems/factory_bot-6.1.0/lib/factory_bot/attribute_assigner.rb:16:in `block (2 levels) in object'[0m
     [36m# /home/ec2-user/.rvm/gems/ruby-2.6.3/gems/factory_bot-6.1.0/lib/factory_bot/attribute_assigner.rb:15:in `each'[0m
     [36m# /home/ec2-user/.rvm/gems/ruby-2.6.3/gems/factory_bot-6.1.0/lib/factory_bot/attribute_assigner.rb:15:in `block in object'[0m
     [36m# /home/ec2-user/.rvm/gems/ruby-2.6.3/gems/factory_bot-6.1.0/lib/factory_bot/attribute_assigner.rb:14:in `tap'[0m
     [36m# /home/ec2-user/.rvm/gems/ruby-2.6.3/gems/factory_bot-6.1.0/lib/factory_bot/attribute_assigner.rb:14:in `object'[0m
     [36m# /home/ec2-user/.rvm/gems/ruby-2.6.3/gems/factory_bot-6.1.0/lib/factory_bot/evaluation.rb:13:in `object'[0m
     [36m# /home/ec2-user/.rvm/gems/ruby-2.6.3/gems/factory_bot-6.1.0/lib/factory_bot/strategy/create.rb:9:in `result'[0m
     [36m# /home/ec2-user/.rvm/gems/ruby-2.6.3/gems/factory_bot-6.1.0/lib/factory_bot/factory.rb:43:in `run'[0m
     [36m# /home/ec2-user/.rvm/gems/ruby-2.6.3/gems/factory_bot-6.1.0/lib/factory_bot/factory_runner.rb:29:in `block in run'[0m
     [36m# /home/ec2-user/.rvm/gems/ruby-2.6.3/gems/factory_bot-6.1.0/lib/factory_bot/factory_runner.rb:28:in `run'[0m
     [36m# /home/ec2-user/.rvm/gems/ruby-2.6.3/gems/factory_bot-6.1.0/lib/factory_bot/strategy_syntax_method_registrar.rb:28:in `block in define_singular_strategy_method'[0m
     [36m# ./spec/system/books_spec.rb:6:in `block (2 levels) in <main>'[0m

  8) 投稿のテスト サイドバーのテスト 表示の確認 投稿に失敗する
     [31mFailure/Error: let!(:book) { create(:book, user: user) }[0m
     [31m[0m
     [31mNoMethodError:[0m
     [31m  undefined method `each' for #<User:0x000000000692a760>[0m
     [31m[0m
     [31m[0m
     [31m[0m
     [36m# /home/ec2-user/.rvm/gems/ruby-2.6.3/gems/factory_bot-6.1.0/lib/factory_bot/attribute_assigner.rb:16:in `public_send'[0m
     [36m# /home/ec2-user/.rvm/gems/ruby-2.6.3/gems/factory_bot-6.1.0/lib/factory_bot/attribute_assigner.rb:16:in `block (2 levels) in object'[0m
     [36m# /home/ec2-user/.rvm/gems/ruby-2.6.3/gems/factory_bot-6.1.0/lib/factory_bot/attribute_assigner.rb:15:in `each'[0m
     [36m# /home/ec2-user/.rvm/gems/ruby-2.6.3/gems/factory_bot-6.1.0/lib/factory_bot/attribute_assigner.rb:15:in `block in object'[0m
     [36m# /home/ec2-user/.rvm/gems/ruby-2.6.3/gems/factory_bot-6.1.0/lib/factory_bot/attribute_assigner.rb:14:in `tap'[0m
     [36m# /home/ec2-user/.rvm/gems/ruby-2.6.3/gems/factory_bot-6.1.0/lib/factory_bot/attribute_assigner.rb:14:in `object'[0m
     [36m# /home/ec2-user/.rvm/gems/ruby-2.6.3/gems/factory_bot-6.1.0/lib/factory_bot/evaluation.rb:13:in `object'[0m
     [36m# /home/ec2-user/.rvm/gems/ruby-2.6.3/gems/factory_bot-6.1.0/lib/factory_bot/strategy/create.rb:9:in `result'[0m
     [36m# /home/ec2-user/.rvm/gems/ruby-2.6.3/gems/factory_bot-6.1.0/lib/factory_bot/factory.rb:43:in `run'[0m
     [36m# /home/ec2-user/.rvm/gems/ruby-2.6.3/gems/factory_bot-6.1.0/lib/factory_bot/factory_runner.rb:29:in `block in run'[0m
     [36m# /home/ec2-user/.rvm/gems/ruby-2.6.3/gems/factory_bot-6.1.0/lib/factory_bot/factory_runner.rb:28:in `run'[0m
     [36m# /home/ec2-user/.rvm/gems/ruby-2.6.3/gems/factory_bot-6.1.0/lib/factory_bot/strategy_syntax_method_registrar.rb:28:in `block in define_singular_strategy_method'[0m
     [36m# ./spec/system/books_spec.rb:6:in `block (2 levels) in <main>'[0m

  9) 投稿のテスト 編集のテスト 自分の投稿の編集画面への遷移 遷移できる
     [31mFailure/Error: let!(:book) { create(:book, user: user) }[0m
     [31m[0m
     [31mNoMethodError:[0m
     [31m  undefined method `each' for #<User:0x0000000006967b38>[0m
     [31m[0m
     [31m[0m
     [31m[0m
     [36m# /home/ec2-user/.rvm/gems/ruby-2.6.3/gems/factory_bot-6.1.0/lib/factory_bot/attribute_assigner.rb:16:in `public_send'[0m
     [36m# /home/ec2-user/.rvm/gems/ruby-2.6.3/gems/factory_bot-6.1.0/lib/factory_bot/attribute_assigner.rb:16:in `block (2 levels) in object'[0m
     [36m# /home/ec2-user/.rvm/gems/ruby-2.6.3/gems/factory_bot-6.1.0/lib/factory_bot/attribute_assigner.rb:15:in `each'[0m
     [36m# /home/ec2-user/.rvm/gems/ruby-2.6.3/gems/factory_bot-6.1.0/lib/factory_bot/attribute_assigner.rb:15:in `block in object'[0m
     [36m# /home/ec2-user/.rvm/gems/ruby-2.6.3/gems/factory_bot-6.1.0/lib/factory_bot/attribute_assigner.rb:14:in `tap'[0m
     [36m# /home/ec2-user/.rvm/gems/ruby-2.6.3/gems/factory_bot-6.1.0/lib/factory_bot/attribute_assigner.rb:14:in `object'[0m
     [36m# /home/ec2-user/.rvm/gems/ruby-2.6.3/gems/factory_bot-6.1.0/lib/factory_bot/evaluation.rb:13:in `object'[0m
     [36m# /home/ec2-user/.rvm/gems/ruby-2.6.3/gems/factory_bot-6.1.0/lib/factory_bot/strategy/create.rb:9:in `result'[0m
     [36m# /home/ec2-user/.rvm/gems/ruby-2.6.3/gems/factory_bot-6.1.0/lib/factory_bot/factory.rb:43:in `run'[0m
     [36m# /home/ec2-user/.rvm/gems/ruby-2.6.3/gems/factory_bot-6.1.0/lib/factory_bot/factory_runner.rb:29:in `block in run'[0m
     [36m# /home/ec2-user/.rvm/gems/ruby-2.6.3/gems/factory_bot-6.1.0/lib/factory_bot/factory_runner.rb:28:in `run'[0m
     [36m# /home/ec2-user/.rvm/gems/ruby-2.6.3/gems/factory_bot-6.1.0/lib/factory_bot/strategy_syntax_method_registrar.rb:28:in `block in define_singular_strategy_method'[0m
     [36m# ./spec/system/books_spec.rb:6:in `block (2 levels) in <main>'[0m

  10) 投稿のテスト 編集のテスト 他人の投稿の編集画面への遷移 遷移できない
      [31mFailure/Error: let!(:book) { create(:book, user: user) }[0m
      [31m[0m
      [31mNoMethodError:[0m
      [31m  undefined method `each' for #<User:0x000000000699d440>[0m
      [31m[0m
      [31m[0m
      [31m[0m
      [36m# /home/ec2-user/.rvm/gems/ruby-2.6.3/gems/factory_bot-6.1.0/lib/factory_bot/attribute_assigner.rb:16:in `public_send'[0m
      [36m# /home/ec2-user/.rvm/gems/ruby-2.6.3/gems/factory_bot-6.1.0/lib/factory_bot/attribute_assigner.rb:16:in `block (2 levels) in object'[0m
      [36m# /home/ec2-user/.rvm/gems/ruby-2.6.3/gems/factory_bot-6.1.0/lib/factory_bot/attribute_assigner.rb:15:in `each'[0m
      [36m# /home/ec2-user/.rvm/gems/ruby-2.6.3/gems/factory_bot-6.1.0/lib/factory_bot/attribute_assigner.rb:15:in `block in object'[0m
      [36m# /home/ec2-user/.rvm/gems/ruby-2.6.3/gems/factory_bot-6.1.0/lib/factory_bot/attribute_assigner.rb:14:in `tap'[0m
      [36m# /home/ec2-user/.rvm/gems/ruby-2.6.3/gems/factory_bot-6.1.0/lib/factory_bot/attribute_assigner.rb:14:in `object'[0m
      [36m# /home/ec2-user/.rvm/gems/ruby-2.6.3/gems/factory_bot-6.1.0/lib/factory_bot/evaluation.rb:13:in `object'[0m
      [36m# /home/ec2-user/.rvm/gems/ruby-2.6.3/gems/factory_bot-6.1.0/lib/factory_bot/strategy/create.rb:9:in `result'[0m
      [36m# /home/ec2-user/.rvm/gems/ruby-2.6.3/gems/factory_bot-6.1.0/lib/factory_bot/factory.rb:43:in `run'[0m
      [36m# /home/ec2-user/.rvm/gems/ruby-2.6.3/gems/factory_bot-6.1.0/lib/factory_bot/factory_runner.rb:29:in `block in run'[0m
      [36m# /home/ec2-user/.rvm/gems/ruby-2.6.3/gems/factory_bot-6.1.0/lib/factory_bot/factory_runner.rb:28:in `run'[0m
      [36m# /home/ec2-user/.rvm/gems/ruby-2.6.3/gems/factory_bot-6.1.0/lib/factory_bot/strategy_syntax_method_registrar.rb:28:in `block in define_singular_strategy_method'[0m
      [36m# ./spec/system/books_spec.rb:6:in `block (2 levels) in <main>'[0m

  11) 投稿のテスト 編集のテスト 表示の確認 Editing Bookと表示される
      [31mFailure/Error: let!(:book) { create(:book, user: user) }[0m
      [31m[0m
      [31mNoMethodError:[0m
      [31m  undefined method `each' for #<User:0x00000000069db808>[0m
      [31m[0m
      [31m[0m
      [31m[0m
      [36m# /home/ec2-user/.rvm/gems/ruby-2.6.3/gems/factory_bot-6.1.0/lib/factory_bot/attribute_assigner.rb:16:in `public_send'[0m
      [36m# /home/ec2-user/.rvm/gems/ruby-2.6.3/gems/factory_bot-6.1.0/lib/factory_bot/attribute_assigner.rb:16:in `block (2 levels) in object'[0m
      [36m# /home/ec2-user/.rvm/gems/ruby-2.6.3/gems/factory_bot-6.1.0/lib/factory_bot/attribute_assigner.rb:15:in `each'[0m
      [36m# /home/ec2-user/.rvm/gems/ruby-2.6.3/gems/factory_bot-6.1.0/lib/factory_bot/attribute_assigner.rb:15:in `block in object'[0m
      [36m# /home/ec2-user/.rvm/gems/ruby-2.6.3/gems/factory_bot-6.1.0/lib/factory_bot/attribute_assigner.rb:14:in `tap'[0m
      [36m# /home/ec2-user/.rvm/gems/ruby-2.6.3/gems/factory_bot-6.1.0/lib/factory_bot/attribute_assigner.rb:14:in `object'[0m
      [36m# /home/ec2-user/.rvm/gems/ruby-2.6.3/gems/factory_bot-6.1.0/lib/factory_bot/evaluation.rb:13:in `object'[0m
      [36m# /home/ec2-user/.rvm/gems/ruby-2.6.3/gems/factory_bot-6.1.0/lib/factory_bot/strategy/create.rb:9:in `result'[0m
      [36m# /home/ec2-user/.rvm/gems/ruby-2.6.3/gems/factory_bot-6.1.0/lib/factory_bot/factory.rb:43:in `run'[0m
      [36m# /home/ec2-user/.rvm/gems/ruby-2.6.3/gems/factory_bot-6.1.0/lib/factory_bot/factory_runner.rb:29:in `block in run'[0m
      [36m# /home/ec2-user/.rvm/gems/ruby-2.6.3/gems/factory_bot-6.1.0/lib/factory_bot/factory_runner.rb:28:in `run'[0m
      [36m# /home/ec2-user/.rvm/gems/ruby-2.6.3/gems/factory_bot-6.1.0/lib/factory_bot/strategy_syntax_method_registrar.rb:28:in `block in define_singular_strategy_method'[0m
      [36m# ./spec/system/books_spec.rb:6:in `block (2 levels) in <main>'[0m

  12) 投稿のテスト 編集のテスト 表示の確認 title編集フォームが表示される
      [31mFailure/Error: let!(:book) { create(:book, user: user) }[0m
      [31m[0m
      [31mNoMethodError:[0m
      [31m  undefined method `each' for #<User:0x0000000006a12768>[0m
      [31m[0m
      [31m[0m
      [31m[0m
      [36m# /home/ec2-user/.rvm/gems/ruby-2.6.3/gems/factory_bot-6.1.0/lib/factory_bot/attribute_assigner.rb:16:in `public_send'[0m
      [36m# /home/ec2-user/.rvm/gems/ruby-2.6.3/gems/factory_bot-6.1.0/lib/factory_bot/attribute_assigner.rb:16:in `block (2 levels) in object'[0m
      [36m# /home/ec2-user/.rvm/gems/ruby-2.6.3/gems/factory_bot-6.1.0/lib/factory_bot/attribute_assigner.rb:15:in `each'[0m
      [36m# /home/ec2-user/.rvm/gems/ruby-2.6.3/gems/factory_bot-6.1.0/lib/factory_bot/attribute_assigner.rb:15:in `block in object'[0m
      [36m# /home/ec2-user/.rvm/gems/ruby-2.6.3/gems/factory_bot-6.1.0/lib/factory_bot/attribute_assigner.rb:14:in `tap'[0m
      [36m# /home/ec2-user/.rvm/gems/ruby-2.6.3/gems/factory_bot-6.1.0/lib/factory_bot/attribute_assigner.rb:14:in `object'[0m
      [36m# /home/ec2-user/.rvm/gems/ruby-2.6.3/gems/factory_bot-6.1.0/lib/factory_bot/evaluation.rb:13:in `object'[0m
      [36m# /home/ec2-user/.rvm/gems/ruby-2.6.3/gems/factory_bot-6.1.0/lib/factory_bot/strategy/create.rb:9:in `result'[0m
      [36m# /home/ec2-user/.rvm/gems/ruby-2.6.3/gems/factory_bot-6.1.0/lib/factory_bot/factory.rb:43:in `run'[0m
      [36m# /home/ec2-user/.rvm/gems/ruby-2.6.3/gems/factory_bot-6.1.0/lib/factory_bot/factory_runner.rb:29:in `block in run'[0m
      [36m# /home/ec2-user/.rvm/gems/ruby-2.6.3/gems/factory_bot-6.1.0/lib/factory_bot/factory_runner.rb:28:in `run'[0m
      [36m# /home/ec2-user/.rvm/gems/ruby-2.6.3/gems/factory_bot-6.1.0/lib/factory_bot/strategy_syntax_method_registrar.rb:28:in `block in define_singular_strategy_method'[0m
      [36m# ./spec/system/books_spec.rb:6:in `block (2 levels) in <main>'[0m

  13) 投稿のテスト 編集のテスト 表示の確認 opinion編集フォームが表示される
      [31mFailure/Error: let!(:book) { create(:book, user: user) }[0m
      [31m[0m
      [31mNoMethodError:[0m
      [31m  undefined method `each' for #<User:0x0000000006a49948>[0m
      [31m[0m
      [31m[0m
      [31m[0m
      [36m# /home/ec2-user/.rvm/gems/ruby-2.6.3/gems/factory_bot-6.1.0/lib/factory_bot/attribute_assigner.rb:16:in `public_send'[0m
      [36m# /home/ec2-user/.rvm/gems/ruby-2.6.3/gems/factory_bot-6.1.0/lib/factory_bot/attribute_assigner.rb:16:in `block (2 levels) in object'[0m
      [36m# /home/ec2-user/.rvm/gems/ruby-2.6.3/gems/factory_bot-6.1.0/lib/factory_bot/attribute_assigner.rb:15:in `each'[0m
      [36m# /home/ec2-user/.rvm/gems/ruby-2.6.3/gems/factory_bot-6.1.0/lib/factory_bot/attribute_assigner.rb:15:in `block in object'[0m
      [36m# /home/ec2-user/.rvm/gems/ruby-2.6.3/gems/factory_bot-6.1.0/lib/factory_bot/attribute_assigner.rb:14:in `tap'[0m
      [36m# /home/ec2-user/.rvm/gems/ruby-2.6.3/gems/factory_bot-6.1.0/lib/factory_bot/attribute_assigner.rb:14:in `object'[0m
      [36m# /home/ec2-user/.rvm/gems/ruby-2.6.3/gems/factory_bot-6.1.0/lib/factory_bot/evaluation.rb:13:in `object'[0m
      [36m# /home/ec2-user/.rvm/gems/ruby-2.6.3/gems/factory_bot-6.1.0/lib/factory_bot/strategy/create.rb:9:in `result'[0m
      [36m# /home/ec2-user/.rvm/gems/ruby-2.6.3/gems/factory_bot-6.1.0/lib/factory_bot/factory.rb:43:in `run'[0m
      [36m# /home/ec2-user/.rvm/gems/ruby-2.6.3/gems/factory_bot-6.1.0/lib/factory_bot/factory_runner.rb:29:in `block in run'[0m
      [36m# /home/ec2-user/.rvm/gems/ruby-2.6.3/gems/factory_bot-6.1.0/lib/factory_bot/factory_runner.rb:28:in `run'[0m
      [36m# /home/ec2-user/.rvm/gems/ruby-2.6.3/gems/factory_bot-6.1.0/lib/factory_bot/strategy_syntax_method_registrar.rb:28:in `block in define_singular_strategy_method'[0m
      [36m# ./spec/system/books_spec.rb:6:in `block (2 levels) in <main>'[0m

  14) 投稿のテスト 編集のテスト 表示の確認 Showリンクが表示される
      [31mFailure/Error: let!(:book) { create(:book, user: user) }[0m
      [31m[0m
      [31mNoMethodError:[0m
      [31m  undefined method `each' for #<User:0x0000000006a7c0c8>[0m
      [31m[0m
      [31m[0m
      [31m[0m
      [36m# /home/ec2-user/.rvm/gems/ruby-2.6.3/gems/factory_bot-6.1.0/lib/factory_bot/attribute_assigner.rb:16:in `public_send'[0m
      [36m# /home/ec2-user/.rvm/gems/ruby-2.6.3/gems/factory_bot-6.1.0/lib/factory_bot/attribute_assigner.rb:16:in `block (2 levels) in object'[0m
      [36m# /home/ec2-user/.rvm/gems/ruby-2.6.3/gems/factory_bot-6.1.0/lib/factory_bot/attribute_assigner.rb:15:in `each'[0m
      [36m# /home/ec2-user/.rvm/gems/ruby-2.6.3/gems/factory_bot-6.1.0/lib/factory_bot/attribute_assigner.rb:15:in `block in object'[0m
      [36m# /home/ec2-user/.rvm/gems/ruby-2.6.3/gems/factory_bot-6.1.0/lib/factory_bot/attribute_assigner.rb:14:in `tap'[0m
      [36m# /home/ec2-user/.rvm/gems/ruby-2.6.3/gems/factory_bot-6.1.0/lib/factory_bot/attribute_assigner.rb:14:in `object'[0m
      [36m# /home/ec2-user/.rvm/gems/ruby-2.6.3/gems/factory_bot-6.1.0/lib/factory_bot/evaluation.rb:13:in `object'[0m
      [36m# /home/ec2-user/.rvm/gems/ruby-2.6.3/gems/factory_bot-6.1.0/lib/factory_bot/strategy/create.rb:9:in `result'[0m
      [36m# /home/ec2-user/.rvm/gems/ruby-2.6.3/gems/factory_bot-6.1.0/lib/factory_bot/factory.rb:43:in `run'[0m
      [36m# /home/ec2-user/.rvm/gems/ruby-2.6.3/gems/factory_bot-6.1.0/lib/factory_bot/factory_runner.rb:29:in `block in run'[0m
      [36m# /home/ec2-user/.rvm/gems/ruby-2.6.3/gems/factory_bot-6.1.0/lib/factory_bot/factory_runner.rb:28:in `run'[0m
      [36m# /home/ec2-user/.rvm/gems/ruby-2.6.3/gems/factory_bot-6.1.0/lib/factory_bot/strategy_syntax_method_registrar.rb:28:in `block in define_singular_strategy_method'[0m
      [36m# ./spec/system/books_spec.rb:6:in `block (2 levels) in <main>'[0m

  15) 投稿のテスト 編集のテスト 表示の確認 Backリンクが表示される
      [31mFailure/Error: let!(:book) { create(:book, user: user) }[0m
      [31m[0m
      [31mNoMethodError:[0m
      [31m  undefined method `each' for #<User:0x0000000006abe978>[0m
      [31m[0m
      [31m[0m
      [31m[0m
      [36m# /home/ec2-user/.rvm/gems/ruby-2.6.3/gems/factory_bot-6.1.0/lib/factory_bot/attribute_assigner.rb:16:in `public_send'[0m
      [36m# /home/ec2-user/.rvm/gems/ruby-2.6.3/gems/factory_bot-6.1.0/lib/factory_bot/attribute_assigner.rb:16:in `block (2 levels) in object'[0m
      [36m# /home/ec2-user/.rvm/gems/ruby-2.6.3/gems/factory_bot-6.1.0/lib/factory_bot/attribute_assigner.rb:15:in `each'[0m
      [36m# /home/ec2-user/.rvm/gems/ruby-2.6.3/gems/factory_bot-6.1.0/lib/factory_bot/attribute_assigner.rb:15:in `block in object'[0m
      [36m# /home/ec2-user/.rvm/gems/ruby-2.6.3/gems/factory_bot-6.1.0/lib/factory_bot/attribute_assigner.rb:14:in `tap'[0m
      [36m# /home/ec2-user/.rvm/gems/ruby-2.6.3/gems/factory_bot-6.1.0/lib/factory_bot/attribute_assigner.rb:14:in `object'[0m
      [36m# /home/ec2-user/.rvm/gems/ruby-2.6.3/gems/factory_bot-6.1.0/lib/factory_bot/evaluation.rb:13:in `object'[0m
      [36m# /home/ec2-user/.rvm/gems/ruby-2.6.3/gems/factory_bot-6.1.0/lib/factory_bot/strategy/create.rb:9:in `result'[0m
      [36m# /home/ec2-user/.rvm/gems/ruby-2.6.3/gems/factory_bot-6.1.0/lib/factory_bot/factory.rb:43:in `run'[0m
      [36m# /home/ec2-user/.rvm/gems/ruby-2.6.3/gems/factory_bot-6.1.0/lib/factory_bot/factory_runner.rb:29:in `block in run'[0m
      [36m# /home/ec2-user/.rvm/gems/ruby-2.6.3/gems/factory_bot-6.1.0/lib/factory_bot/factory_runner.rb:28:in `run'[0m
      [36m# /home/ec2-user/.rvm/gems/ruby-2.6.3/gems/factory_bot-6.1.0/lib/factory_bot/strategy_syntax_method_registrar.rb:28:in `block in define_singular_strategy_method'[0m
      [36m# ./spec/system/books_spec.rb:6:in `block (2 levels) in <main>'[0m

  16) 投稿のテスト 編集のテスト フォームの確認 編集に成功する
      [31mFailure/Error: let!(:book) { create(:book, user: user) }[0m
      [31m[0m
      [31mNoMethodError:[0m
      [31m  undefined method `each' for #<User:0x0000000006af0b08>[0m
      [31m[0m
      [31m[0m
      [31m[0m
      [36m# /home/ec2-user/.rvm/gems/ruby-2.6.3/gems/factory_bot-6.1.0/lib/factory_bot/attribute_assigner.rb:16:in `public_send'[0m
      [36m# /home/ec2-user/.rvm/gems/ruby-2.6.3/gems/factory_bot-6.1.0/lib/factory_bot/attribute_assigner.rb:16:in `block (2 levels) in object'[0m
      [36m# /home/ec2-user/.rvm/gems/ruby-2.6.3/gems/factory_bot-6.1.0/lib/factory_bot/attribute_assigner.rb:15:in `each'[0m
      [36m# /home/ec2-user/.rvm/gems/ruby-2.6.3/gems/factory_bot-6.1.0/lib/factory_bot/attribute_assigner.rb:15:in `block in object'[0m
      [36m# /home/ec2-user/.rvm/gems/ruby-2.6.3/gems/factory_bot-6.1.0/lib/factory_bot/attribute_assigner.rb:14:in `tap'[0m
      [36m# /home/ec2-user/.rvm/gems/ruby-2.6.3/gems/factory_bot-6.1.0/lib/factory_bot/attribute_assigner.rb:14:in `object'[0m
      [36m# /home/ec2-user/.rvm/gems/ruby-2.6.3/gems/factory_bot-6.1.0/lib/factory_bot/evaluation.rb:13:in `object'[0m
      [36m# /home/ec2-user/.rvm/gems/ruby-2.6.3/gems/factory_bot-6.1.0/lib/factory_bot/strategy/create.rb:9:in `result'[0m
      [36m# /home/ec2-user/.rvm/gems/ruby-2.6.3/gems/factory_bot-6.1.0/lib/factory_bot/factory.rb:43:in `run'[0m
      [36m# /home/ec2-user/.rvm/gems/ruby-2.6.3/gems/factory_bot-6.1.0/lib/factory_bot/factory_runner.rb:29:in `block in run'[0m
      [36m# /home/ec2-user/.rvm/gems/ruby-2.6.3/gems/factory_bot-6.1.0/lib/factory_bot/factory_runner.rb:28:in `run'[0m
      [36m# /home/ec2-user/.rvm/gems/ruby-2.6.3/gems/factory_bot-6.1.0/lib/factory_bot/strategy_syntax_method_registrar.rb:28:in `block in define_singular_strategy_method'[0m
      [36m# ./spec/system/books_spec.rb:6:in `block (2 levels) in <main>'[0m

  17) 投稿のテスト 編集のテスト フォームの確認 編集に失敗する
      [31mFailure/Error: let!(:book) { create(:book, user: user) }[0m
      [31m[0m
      [31mNoMethodError:[0m
      [31m  undefined method `each' for #<User:0x0000000006b2fbf0>[0m
      [31m[0m
      [31m[0m
      [31m[0m
      [36m# /home/ec2-user/.rvm/gems/ruby-2.6.3/gems/factory_bot-6.1.0/lib/factory_bot/attribute_assigner.rb:16:in `public_send'[0m
      [36m# /home/ec2-user/.rvm/gems/ruby-2.6.3/gems/factory_bot-6.1.0/lib/factory_bot/attribute_assigner.rb:16:in `block (2 levels) in object'[0m
      [36m# /home/ec2-user/.rvm/gems/ruby-2.6.3/gems/factory_bot-6.1.0/lib/factory_bot/attribute_assigner.rb:15:in `each'[0m
      [36m# /home/ec2-user/.rvm/gems/ruby-2.6.3/gems/factory_bot-6.1.0/lib/factory_bot/attribute_assigner.rb:15:in `block in object'[0m
      [36m# /home/ec2-user/.rvm/gems/ruby-2.6.3/gems/factory_bot-6.1.0/lib/factory_bot/attribute_assigner.rb:14:in `tap'[0m
      [36m# /home/ec2-user/.rvm/gems/ruby-2.6.3/gems/factory_bot-6.1.0/lib/factory_bot/attribute_assigner.rb:14:in `object'[0m
      [36m# /home/ec2-user/.rvm/gems/ruby-2.6.3/gems/factory_bot-6.1.0/lib/factory_bot/evaluation.rb:13:in `object'[0m
      [36m# /home/ec2-user/.rvm/gems/ruby-2.6.3/gems/factory_bot-6.1.0/lib/factory_bot/strategy/create.rb:9:in `result'[0m
      [36m# /home/ec2-user/.rvm/gems/ruby-2.6.3/gems/factory_bot-6.1.0/lib/factory_bot/factory.rb:43:in `run'[0m
      [36m# /home/ec2-user/.rvm/gems/ruby-2.6.3/gems/factory_bot-6.1.0/lib/factory_bot/factory_runner.rb:29:in `block in run'[0m
      [36m# /home/ec2-user/.rvm/gems/ruby-2.6.3/gems/factory_bot-6.1.0/lib/factory_bot/factory_runner.rb:28:in `run'[0m
      [36m# /home/ec2-user/.rvm/gems/ruby-2.6.3/gems/factory_bot-6.1.0/lib/factory_bot/strategy_syntax_method_registrar.rb:28:in `block in define_singular_strategy_method'[0m
      [36m# ./spec/system/books_spec.rb:6:in `block (2 levels) in <main>'[0m

  18) 投稿のテスト 一覧画面のテスト 表示の確認 Booksと表示される
      [31mFailure/Error: let!(:book) { create(:book, user: user) }[0m
      [31m[0m
      [31mNoMethodError:[0m
      [31m  undefined method `each' for #<User:0x0000000006b64490>[0m
      [31m[0m
      [31m[0m
      [31m[0m
      [36m# /home/ec2-user/.rvm/gems/ruby-2.6.3/gems/factory_bot-6.1.0/lib/factory_bot/attribute_assigner.rb:16:in `public_send'[0m
      [36m# /home/ec2-user/.rvm/gems/ruby-2.6.3/gems/factory_bot-6.1.0/lib/factory_bot/attribute_assigner.rb:16:in `block (2 levels) in object'[0m
      [36m# /home/ec2-user/.rvm/gems/ruby-2.6.3/gems/factory_bot-6.1.0/lib/factory_bot/attribute_assigner.rb:15:in `each'[0m
      [36m# /home/ec2-user/.rvm/gems/ruby-2.6.3/gems/factory_bot-6.1.0/lib/factory_bot/attribute_assigner.rb:15:in `block in object'[0m
      [36m# /home/ec2-user/.rvm/gems/ruby-2.6.3/gems/factory_bot-6.1.0/lib/factory_bot/attribute_assigner.rb:14:in `tap'[0m
      [36m# /home/ec2-user/.rvm/gems/ruby-2.6.3/gems/factory_bot-6.1.0/lib/factory_bot/attribute_assigner.rb:14:in `object'[0m
      [36m# /home/ec2-user/.rvm/gems/ruby-2.6.3/gems/factory_bot-6.1.0/lib/factory_bot/evaluation.rb:13:in `object'[0m
      [36m# /home/ec2-user/.rvm/gems/ruby-2.6.3/gems/factory_bot-6.1.0/lib/factory_bot/strategy/create.rb:9:in `result'[0m
      [36m# /home/ec2-user/.rvm/gems/ruby-2.6.3/gems/factory_bot-6.1.0/lib/factory_bot/factory.rb:43:in `run'[0m
      [36m# /home/ec2-user/.rvm/gems/ruby-2.6.3/gems/factory_bot-6.1.0/lib/factory_bot/factory_runner.rb:29:in `block in run'[0m
      [36m# /home/ec2-user/.rvm/gems/ruby-2.6.3/gems/factory_bot-6.1.0/lib/factory_bot/factory_runner.rb:28:in `run'[0m
      [36m# /home/ec2-user/.rvm/gems/ruby-2.6.3/gems/factory_bot-6.1.0/lib/factory_bot/strategy_syntax_method_registrar.rb:28:in `block in define_singular_strategy_method'[0m
      [36m# ./spec/system/books_spec.rb:6:in `block (2 levels) in <main>'[0m

  19) 投稿のテスト 一覧画面のテスト 表示の確認 自分と他人の画像のリンク先が正しい
      [31mFailure/Error: let!(:book) { create(:book, user: user) }[0m
      [31m[0m
      [31mNoMethodError:[0m
      [31m  undefined method `each' for #<User:0x0000000006ba29c0>[0m
      [31m[0m
      [31m[0m
      [31m[0m
      [36m# /home/ec2-user/.rvm/gems/ruby-2.6.3/gems/factory_bot-6.1.0/lib/factory_bot/attribute_assigner.rb:16:in `public_send'[0m
      [36m# /home/ec2-user/.rvm/gems/ruby-2.6.3/gems/factory_bot-6.1.0/lib/factory_bot/attribute_assigner.rb:16:in `block (2 levels) in object'[0m
      [36m# /home/ec2-user/.rvm/gems/ruby-2.6.3/gems/factory_bot-6.1.0/lib/factory_bot/attribute_assigner.rb:15:in `each'[0m
      [36m# /home/ec2-user/.rvm/gems/ruby-2.6.3/gems/factory_bot-6.1.0/lib/factory_bot/attribute_assigner.rb:15:in `block in object'[0m
      [36m# /home/ec2-user/.rvm/gems/ruby-2.6.3/gems/factory_bot-6.1.0/lib/factory_bot/attribute_assigner.rb:14:in `tap'[0m
      [36m# /home/ec2-user/.rvm/gems/ruby-2.6.3/gems/factory_bot-6.1.0/lib/factory_bot/attribute_assigner.rb:14:in `object'[0m
      [36m# /home/ec2-user/.rvm/gems/ruby-2.6.3/gems/factory_bot-6.1.0/lib/factory_bot/evaluation.rb:13:in `object'[0m
      [36m# /home/ec2-user/.rvm/gems/ruby-2.6.3/gems/factory_bot-6.1.0/lib/factory_bot/strategy/create.rb:9:in `result'[0m
      [36m# /home/ec2-user/.rvm/gems/ruby-2.6.3/gems/factory_bot-6.1.0/lib/factory_bot/factory.rb:43:in `run'[0m
      [36m# /home/ec2-user/.rvm/gems/ruby-2.6.3/gems/factory_bot-6.1.0/lib/factory_bot/factory_runner.rb:29:in `block in run'[0m
      [36m# /home/ec2-user/.rvm/gems/ruby-2.6.3/gems/factory_bot-6.1.0/lib/factory_bot/factory_runner.rb:28:in `run'[0m
      [36m# /home/ec2-user/.rvm/gems/ruby-2.6.3/gems/factory_bot-6.1.0/lib/factory_bot/strategy_syntax_method_registrar.rb:28:in `block in define_singular_strategy_method'[0m
      [36m# ./spec/system/books_spec.rb:6:in `block (2 levels) in <main>'[0m

  20) 投稿のテスト 一覧画面のテスト 表示の確認 自分と他人のタイトルのリンク先が正しい
      [31mFailure/Error: let!(:book) { create(:book, user: user) }[0m
      [31m[0m
      [31mNoMethodError:[0m
      [31m  undefined method `each' for #<User:0x0000000006bd9498>[0m
      [31m[0m
      [31m[0m
      [31m[0m
      [36m# /home/ec2-user/.rvm/gems/ruby-2.6.3/gems/factory_bot-6.1.0/lib/factory_bot/attribute_assigner.rb:16:in `public_send'[0m
      [36m# /home/ec2-user/.rvm/gems/ruby-2.6.3/gems/factory_bot-6.1.0/lib/factory_bot/attribute_assigner.rb:16:in `block (2 levels) in object'[0m
      [36m# /home/ec2-user/.rvm/gems/ruby-2.6.3/gems/factory_bot-6.1.0/lib/factory_bot/attribute_assigner.rb:15:in `each'[0m
      [36m# /home/ec2-user/.rvm/gems/ruby-2.6.3/gems/factory_bot-6.1.0/lib/factory_bot/attribute_assigner.rb:15:in `block in object'[0m
      [36m# /home/ec2-user/.rvm/gems/ruby-2.6.3/gems/factory_bot-6.1.0/lib/factory_bot/attribute_assigner.rb:14:in `tap'[0m
      [36m# /home/ec2-user/.rvm/gems/ruby-2.6.3/gems/factory_bot-6.1.0/lib/factory_bot/attribute_assigner.rb:14:in `object'[0m
      [36m# /home/ec2-user/.rvm/gems/ruby-2.6.3/gems/factory_bot-6.1.0/lib/factory_bot/evaluation.rb:13:in `object'[0m
      [36m# /home/ec2-user/.rvm/gems/ruby-2.6.3/gems/factory_bot-6.1.0/lib/factory_bot/strategy/create.rb:9:in `result'[0m
      [36m# /home/ec2-user/.rvm/gems/ruby-2.6.3/gems/factory_bot-6.1.0/lib/factory_bot/factory.rb:43:in `run'[0m
      [36m# /home/ec2-user/.rvm/gems/ruby-2.6.3/gems/factory_bot-6.1.0/lib/factory_bot/factory_runner.rb:29:in `block in run'[0m
      [36m# /home/ec2-user/.rvm/gems/ruby-2.6.3/gems/factory_bot-6.1.0/lib/factory_bot/factory_runner.rb:28:in `run'[0m
      [36m# /home/ec2-user/.rvm/gems/ruby-2.6.3/gems/factory_bot-6.1.0/lib/factory_bot/strategy_syntax_method_registrar.rb:28:in `block in define_singular_strategy_method'[0m
      [36m# ./spec/system/books_spec.rb:6:in `block (2 levels) in <main>'[0m

  21) 投稿のテスト 一覧画面のテスト 表示の確認 自分と他人のオピニオンが表示される
      [31mFailure/Error: let!(:book) { create(:book, user: user) }[0m
      [31m[0m
      [31mNoMethodError:[0m
      [31m  undefined method `each' for #<User:0x0000000006c17f18>[0m
      [31m[0m
      [31m[0m
      [31m[0m
      [36m# /home/ec2-user/.rvm/gems/ruby-2.6.3/gems/factory_bot-6.1.0/lib/factory_bot/attribute_assigner.rb:16:in `public_send'[0m
      [36m# /home/ec2-user/.rvm/gems/ruby-2.6.3/gems/factory_bot-6.1.0/lib/factory_bot/attribute_assigner.rb:16:in `block (2 levels) in object'[0m
      [36m# /home/ec2-user/.rvm/gems/ruby-2.6.3/gems/factory_bot-6.1.0/lib/factory_bot/attribute_assigner.rb:15:in `each'[0m
      [36m# /home/ec2-user/.rvm/gems/ruby-2.6.3/gems/factory_bot-6.1.0/lib/factory_bot/attribute_assigner.rb:15:in `block in object'[0m
      [36m# /home/ec2-user/.rvm/gems/ruby-2.6.3/gems/factory_bot-6.1.0/lib/factory_bot/attribute_assigner.rb:14:in `tap'[0m
      [36m# /home/ec2-user/.rvm/gems/ruby-2.6.3/gems/factory_bot-6.1.0/lib/factory_bot/attribute_assigner.rb:14:in `object'[0m
      [36m# /home/ec2-user/.rvm/gems/ruby-2.6.3/gems/factory_bot-6.1.0/lib/factory_bot/evaluation.rb:13:in `object'[0m
      [36m# /home/ec2-user/.rvm/gems/ruby-2.6.3/gems/factory_bot-6.1.0/lib/factory_bot/strategy/create.rb:9:in `result'[0m
      [36m# /home/ec2-user/.rvm/gems/ruby-2.6.3/gems/factory_bot-6.1.0/lib/factory_bot/factory.rb:43:in `run'[0m
      [36m# /home/ec2-user/.rvm/gems/ruby-2.6.3/gems/factory_bot-6.1.0/lib/factory_bot/factory_runner.rb:29:in `block in run'[0m
      [36m# /home/ec2-user/.rvm/gems/ruby-2.6.3/gems/factory_bot-6.1.0/lib/factory_bot/factory_runner.rb:28:in `run'[0m
      [36m# /home/ec2-user/.rvm/gems/ruby-2.6.3/gems/factory_bot-6.1.0/lib/factory_bot/strategy_syntax_method_registrar.rb:28:in `block in define_singular_strategy_method'[0m
      [36m# ./spec/system/books_spec.rb:6:in `block (2 levels) in <main>'[0m

  22) 投稿のテスト 詳細画面のテスト 自分・他人共通の投稿詳細画面の表示を確認 Book detailと表示される
      [31mFailure/Error: let!(:book) { create(:book, user: user) }[0m
      [31m[0m
      [31mNoMethodError:[0m
      [31m  undefined method `each' for #<User:0x0000000006c49068>[0m
      [31m[0m
      [31m[0m
      [31m[0m
      [36m# /home/ec2-user/.rvm/gems/ruby-2.6.3/gems/factory_bot-6.1.0/lib/factory_bot/attribute_assigner.rb:16:in `public_send'[0m
      [36m# /home/ec2-user/.rvm/gems/ruby-2.6.3/gems/factory_bot-6.1.0/lib/factory_bot/attribute_assigner.rb:16:in `block (2 levels) in object'[0m
      [36m# /home/ec2-user/.rvm/gems/ruby-2.6.3/gems/factory_bot-6.1.0/lib/factory_bot/attribute_assigner.rb:15:in `each'[0m
      [36m# /home/ec2-user/.rvm/gems/ruby-2.6.3/gems/factory_bot-6.1.0/lib/factory_bot/attribute_assigner.rb:15:in `block in object'[0m
      [36m# /home/ec2-user/.rvm/gems/ruby-2.6.3/gems/factory_bot-6.1.0/lib/factory_bot/attribute_assigner.rb:14:in `tap'[0m
      [36m# /home/ec2-user/.rvm/gems/ruby-2.6.3/gems/factory_bot-6.1.0/lib/factory_bot/attribute_assigner.rb:14:in `object'[0m
      [36m# /home/ec2-user/.rvm/gems/ruby-2.6.3/gems/factory_bot-6.1.0/lib/factory_bot/evaluation.rb:13:in `object'[0m
      [36m# /home/ec2-user/.rvm/gems/ruby-2.6.3/gems/factory_bot-6.1.0/lib/factory_bot/strategy/create.rb:9:in `result'[0m
      [36m# /home/ec2-user/.rvm/gems/ruby-2.6.3/gems/factory_bot-6.1.0/lib/factory_bot/factory.rb:43:in `run'[0m
      [36m# /home/ec2-user/.rvm/gems/ruby-2.6.3/gems/factory_bot-6.1.0/lib/factory_bot/factory_runner.rb:29:in `block in run'[0m
      [36m# /home/ec2-user/.rvm/gems/ruby-2.6.3/gems/factory_bot-6.1.0/lib/factory_bot/factory_runner.rb:28:in `run'[0m
      [36m# /home/ec2-user/.rvm/gems/ruby-2.6.3/gems/factory_bot-6.1.0/lib/factory_bot/strategy_syntax_method_registrar.rb:28:in `block in define_singular_strategy_method'[0m
      [36m# ./spec/system/books_spec.rb:6:in `block (2 levels) in <main>'[0m

  23) 投稿のテスト 詳細画面のテスト 自分・他人共通の投稿詳細画面の表示を確認 ユーザー画像・名前のリンク先が正しい
      [31mFailure/Error: let!(:book) { create(:book, user: user) }[0m
      [31m[0m
      [31mNoMethodError:[0m
      [31m  undefined method `each' for #<User:0x0000000006c8b828>[0m
      [31m[0m
      [31m[0m
      [31m[0m
      [36m# /home/ec2-user/.rvm/gems/ruby-2.6.3/gems/factory_bot-6.1.0/lib/factory_bot/attribute_assigner.rb:16:in `public_send'[0m
      [36m# /home/ec2-user/.rvm/gems/ruby-2.6.3/gems/factory_bot-6.1.0/lib/factory_bot/attribute_assigner.rb:16:in `block (2 levels) in object'[0m
      [36m# /home/ec2-user/.rvm/gems/ruby-2.6.3/gems/factory_bot-6.1.0/lib/factory_bot/attribute_assigner.rb:15:in `each'[0m
      [36m# /home/ec2-user/.rvm/gems/ruby-2.6.3/gems/factory_bot-6.1.0/lib/factory_bot/attribute_assigner.rb:15:in `block in object'[0m
      [36m# /home/ec2-user/.rvm/gems/ruby-2.6.3/gems/factory_bot-6.1.0/lib/factory_bot/attribute_assigner.rb:14:in `tap'[0m
      [36m# /home/ec2-user/.rvm/gems/ruby-2.6.3/gems/factory_bot-6.1.0/lib/factory_bot/attribute_assigner.rb:14:in `object'[0m
      [36m# /home/ec2-user/.rvm/gems/ruby-2.6.3/gems/factory_bot-6.1.0/lib/factory_bot/evaluation.rb:13:in `object'[0m
      [36m# /home/ec2-user/.rvm/gems/ruby-2.6.3/gems/factory_bot-6.1.0/lib/factory_bot/strategy/create.rb:9:in `result'[0m
      [36m# /home/ec2-user/.rvm/gems/ruby-2.6.3/gems/factory_bot-6.1.0/lib/factory_bot/factory.rb:43:in `run'[0m
      [36m# /home/ec2-user/.rvm/gems/ruby-2.6.3/gems/factory_bot-6.1.0/lib/factory_bot/factory_runner.rb:29:in `block in run'[0m
      [36m# /home/ec2-user/.rvm/gems/ruby-2.6.3/gems/factory_bot-6.1.0/lib/factory_bot/factory_runner.rb:28:in `run'[0m
      [36m# /home/ec2-user/.rvm/gems/ruby-2.6.3/gems/factory_bot-6.1.0/lib/factory_bot/strategy_syntax_method_registrar.rb:28:in `block in define_singular_strategy_method'[0m
      [36m# ./spec/system/books_spec.rb:6:in `block (2 levels) in <main>'[0m

  24) 投稿のテスト 詳細画面のテスト 自分・他人共通の投稿詳細画面の表示を確認 投稿のtitleが表示される
      [31mFailure/Error: let!(:book) { create(:book, user: user) }[0m
      [31m[0m
      [31mNoMethodError:[0m
      [31m  undefined method `each' for #<User:0x0000000006cbd580>[0m
      [31m[0m
      [31m[0m
      [31m[0m
      [36m# /home/ec2-user/.rvm/gems/ruby-2.6.3/gems/factory_bot-6.1.0/lib/factory_bot/attribute_assigner.rb:16:in `public_send'[0m
      [36m# /home/ec2-user/.rvm/gems/ruby-2.6.3/gems/factory_bot-6.1.0/lib/factory_bot/attribute_assigner.rb:16:in `block (2 levels) in object'[0m
      [36m# /home/ec2-user/.rvm/gems/ruby-2.6.3/gems/factory_bot-6.1.0/lib/factory_bot/attribute_assigner.rb:15:in `each'[0m
      [36m# /home/ec2-user/.rvm/gems/ruby-2.6.3/gems/factory_bot-6.1.0/lib/factory_bot/attribute_assigner.rb:15:in `block in object'[0m
      [36m# /home/ec2-user/.rvm/gems/ruby-2.6.3/gems/factory_bot-6.1.0/lib/factory_bot/attribute_assigner.rb:14:in `tap'[0m
      [36m# /home/ec2-user/.rvm/gems/ruby-2.6.3/gems/factory_bot-6.1.0/lib/factory_bot/attribute_assigner.rb:14:in `object'[0m
      [36m# /home/ec2-user/.rvm/gems/ruby-2.6.3/gems/factory_bot-6.1.0/lib/factory_bot/evaluation.rb:13:in `object'[0m
      [36m# /home/ec2-user/.rvm/gems/ruby-2.6.3/gems/factory_bot-6.1.0/lib/factory_bot/strategy/create.rb:9:in `result'[0m
      [36m# /home/ec2-user/.rvm/gems/ruby-2.6.3/gems/factory_bot-6.1.0/lib/factory_bot/factory.rb:43:in `run'[0m
      [36m# /home/ec2-user/.rvm/gems/ruby-2.6.3/gems/factory_bot-6.1.0/lib/factory_bot/factory_runner.rb:29:in `block in run'[0m
      [36m# /home/ec2-user/.rvm/gems/ruby-2.6.3/gems/factory_bot-6.1.0/lib/factory_bot/factory_runner.rb:28:in `run'[0m
      [36m# /home/ec2-user/.rvm/gems/ruby-2.6.3/gems/factory_bot-6.1.0/lib/factory_bot/strategy_syntax_method_registrar.rb:28:in `block in define_singular_strategy_method'[0m
      [36m# ./spec/system/books_spec.rb:6:in `block (2 levels) in <main>'[0m

  25) 投稿のテスト 詳細画面のテスト 自分・他人共通の投稿詳細画面の表示を確認 投稿のopinionが表示される
      [31mFailure/Error: let!(:book) { create(:book, user: user) }[0m
      [31m[0m
      [31mNoMethodError:[0m
      [31m  undefined method `each' for #<User:0x0000000006cfbee8>[0m
      [31m[0m
      [31m[0m
      [31m[0m
      [36m# /home/ec2-user/.rvm/gems/ruby-2.6.3/gems/factory_bot-6.1.0/lib/factory_bot/attribute_assigner.rb:16:in `public_send'[0m
      [36m# /home/ec2-user/.rvm/gems/ruby-2.6.3/gems/factory_bot-6.1.0/lib/factory_bot/attribute_assigner.rb:16:in `block (2 levels) in object'[0m
      [36m# /home/ec2-user/.rvm/gems/ruby-2.6.3/gems/factory_bot-6.1.0/lib/factory_bot/attribute_assigner.rb:15:in `each'[0m
      [36m# /home/ec2-user/.rvm/gems/ruby-2.6.3/gems/factory_bot-6.1.0/lib/factory_bot/attribute_assigner.rb:15:in `block in object'[0m
      [36m# /home/ec2-user/.rvm/gems/ruby-2.6.3/gems/factory_bot-6.1.0/lib/factory_bot/attribute_assigner.rb:14:in `tap'[0m
      [36m# /home/ec2-user/.rvm/gems/ruby-2.6.3/gems/factory_bot-6.1.0/lib/factory_bot/attribute_assigner.rb:14:in `object'[0m
      [36m# /home/ec2-user/.rvm/gems/ruby-2.6.3/gems/factory_bot-6.1.0/lib/factory_bot/evaluation.rb:13:in `object'[0m
      [36m# /home/ec2-user/.rvm/gems/ruby-2.6.3/gems/factory_bot-6.1.0/lib/factory_bot/strategy/create.rb:9:in `result'[0m
      [36m# /home/ec2-user/.rvm/gems/ruby-2.6.3/gems/factory_bot-6.1.0/lib/factory_bot/factory.rb:43:in `run'[0m
      [36m# /home/ec2-user/.rvm/gems/ruby-2.6.3/gems/factory_bot-6.1.0/lib/factory_bot/factory_runner.rb:29:in `block in run'[0m
      [36m# /home/ec2-user/.rvm/gems/ruby-2.6.3/gems/factory_bot-6.1.0/lib/factory_bot/factory_runner.rb:28:in `run'[0m
      [36m# /home/ec2-user/.rvm/gems/ruby-2.6.3/gems/factory_bot-6.1.0/lib/factory_bot/strategy_syntax_method_registrar.rb:28:in `block in define_singular_strategy_method'[0m
      [36m# ./spec/system/books_spec.rb:6:in `block (2 levels) in <main>'[0m

  26) 投稿のテスト 詳細画面のテスト 自分の投稿詳細画面の表示を確認 投稿の編集リンクが表示される
      [31mFailure/Error: let!(:book) { create(:book, user: user) }[0m
      [31m[0m
      [31mNoMethodError:[0m
      [31m  undefined method `each' for #<User:0x0000000006d32380>[0m
      [31m[0m
      [31m[0m
      [31m[0m
      [36m# /home/ec2-user/.rvm/gems/ruby-2.6.3/gems/factory_bot-6.1.0/lib/factory_bot/attribute_assigner.rb:16:in `public_send'[0m
      [36m# /home/ec2-user/.rvm/gems/ruby-2.6.3/gems/factory_bot-6.1.0/lib/factory_bot/attribute_assigner.rb:16:in `block (2 levels) in object'[0m
      [36m# /home/ec2-user/.rvm/gems/ruby-2.6.3/gems/factory_bot-6.1.0/lib/factory_bot/attribute_assigner.rb:15:in `each'[0m
      [36m# /home/ec2-user/.rvm/gems/ruby-2.6.3/gems/factory_bot-6.1.0/lib/factory_bot/attribute_assigner.rb:15:in `block in object'[0m
      [36m# /home/ec2-user/.rvm/gems/ruby-2.6.3/gems/factory_bot-6.1.0/lib/factory_bot/attribute_assigner.rb:14:in `tap'[0m
      [36m# /home/ec2-user/.rvm/gems/ruby-2.6.3/gems/factory_bot-6.1.0/lib/factory_bot/attribute_assigner.rb:14:in `object'[0m
      [36m# /home/ec2-user/.rvm/gems/ruby-2.6.3/gems/factory_bot-6.1.0/lib/factory_bot/evaluation.rb:13:in `object'[0m
      [36m# /home/ec2-user/.rvm/gems/ruby-2.6.3/gems/factory_bot-6.1.0/lib/factory_bot/strategy/create.rb:9:in `result'[0m
      [36m# /home/ec2-user/.rvm/gems/ruby-2.6.3/gems/factory_bot-6.1.0/lib/factory_bot/factory.rb:43:in `run'[0m
      [36m# /home/ec2-user/.rvm/gems/ruby-2.6.3/gems/factory_bot-6.1.0/lib/factory_bot/factory_runner.rb:29:in `block in run'[0m
      [36m# /home/ec2-user/.rvm/gems/ruby-2.6.3/gems/factory_bot-6.1.0/lib/factory_bot/factory_runner.rb:28:in `run'[0m
      [36m# /home/ec2-user/.rvm/gems/ruby-2.6.3/gems/factory_bot-6.1.0/lib/factory_bot/strategy_syntax_method_registrar.rb:28:in `block in define_singular_strategy_method'[0m
      [36m# ./spec/system/books_spec.rb:6:in `block (2 levels) in <main>'[0m

  27) 投稿のテスト 詳細画面のテスト 自分の投稿詳細画面の表示を確認 投稿の削除リンクが表示される
      [31mFailure/Error: let!(:book) { create(:book, user: user) }[0m
      [31m[0m
      [31mNoMethodError:[0m
      [31m  undefined method `each' for #<User:0x0000000006d687f0>[0m
      [31m[0m
      [31m[0m
      [31m[0m
      [36m# /home/ec2-user/.rvm/gems/ruby-2.6.3/gems/factory_bot-6.1.0/lib/factory_bot/attribute_assigner.rb:16:in `public_send'[0m
      [36m# /home/ec2-user/.rvm/gems/ruby-2.6.3/gems/factory_bot-6.1.0/lib/factory_bot/attribute_assigner.rb:16:in `block (2 levels) in object'[0m
      [36m# /home/ec2-user/.rvm/gems/ruby-2.6.3/gems/factory_bot-6.1.0/lib/factory_bot/attribute_assigner.rb:15:in `each'[0m
      [36m# /home/ec2-user/.rvm/gems/ruby-2.6.3/gems/factory_bot-6.1.0/lib/factory_bot/attribute_assigner.rb:15:in `block in object'[0m
      [36m# /home/ec2-user/.rvm/gems/ruby-2.6.3/gems/factory_bot-6.1.0/lib/factory_bot/attribute_assigner.rb:14:in `tap'[0m
      [36m# /home/ec2-user/.rvm/gems/ruby-2.6.3/gems/factory_bot-6.1.0/lib/factory_bot/attribute_assigner.rb:14:in `object'[0m
      [36m# /home/ec2-user/.rvm/gems/ruby-2.6.3/gems/factory_bot-6.1.0/lib/factory_bot/evaluation.rb:13:in `object'[0m
      [36m# /home/ec2-user/.rvm/gems/ruby-2.6.3/gems/factory_bot-6.1.0/lib/factory_bot/strategy/create.rb:9:in `result'[0m
      [36m# /home/ec2-user/.rvm/gems/ruby-2.6.3/gems/factory_bot-6.1.0/lib/factory_bot/factory.rb:43:in `run'[0m
      [36m# /home/ec2-user/.rvm/gems/ruby-2.6.3/gems/factory_bot-6.1.0/lib/factory_bot/factory_runner.rb:29:in `block in run'[0m
      [36m# /home/ec2-user/.rvm/gems/ruby-2.6.3/gems/factory_bot-6.1.0/lib/factory_bot/factory_runner.rb:28:in `run'[0m
      [36m# /home/ec2-user/.rvm/gems/ruby-2.6.3/gems/factory_bot-6.1.0/lib/factory_bot/strategy_syntax_method_registrar.rb:28:in `block in define_singular_strategy_method'[0m
      [36m# ./spec/system/books_spec.rb:6:in `block (2 levels) in <main>'[0m

  28) 投稿のテスト 詳細画面のテスト 他人の投稿詳細画面の表示を確認 投稿の編集リンクが表示されない
      [31mFailure/Error: let!(:book) { create(:book, user: user) }[0m
      [31m[0m
      [31mNoMethodError:[0m
      [31m  undefined method `each' for #<User:0x0000000006da6488>[0m
      [31m[0m
      [31m[0m
      [31m[0m
      [36m# /home/ec2-user/.rvm/gems/ruby-2.6.3/gems/factory_bot-6.1.0/lib/factory_bot/attribute_assigner.rb:16:in `public_send'[0m
      [36m# /home/ec2-user/.rvm/gems/ruby-2.6.3/gems/factory_bot-6.1.0/lib/factory_bot/attribute_assigner.rb:16:in `block (2 levels) in object'[0m
      [36m# /home/ec2-user/.rvm/gems/ruby-2.6.3/gems/factory_bot-6.1.0/lib/factory_bot/attribute_assigner.rb:15:in `each'[0m
      [36m# /home/ec2-user/.rvm/gems/ruby-2.6.3/gems/factory_bot-6.1.0/lib/factory_bot/attribute_assigner.rb:15:in `block in object'[0m
      [36m# /home/ec2-user/.rvm/gems/ruby-2.6.3/gems/factory_bot-6.1.0/lib/factory_bot/attribute_assigner.rb:14:in `tap'[0m
      [36m# /home/ec2-user/.rvm/gems/ruby-2.6.3/gems/factory_bot-6.1.0/lib/factory_bot/attribute_assigner.rb:14:in `object'[0m
      [36m# /home/ec2-user/.rvm/gems/ruby-2.6.3/gems/factory_bot-6.1.0/lib/factory_bot/evaluation.rb:13:in `object'[0m
      [36m# /home/ec2-user/.rvm/gems/ruby-2.6.3/gems/factory_bot-6.1.0/lib/factory_bot/strategy/create.rb:9:in `result'[0m
      [36m# /home/ec2-user/.rvm/gems/ruby-2.6.3/gems/factory_bot-6.1.0/lib/factory_bot/factory.rb:43:in `run'[0m
      [36m# /home/ec2-user/.rvm/gems/ruby-2.6.3/gems/factory_bot-6.1.0/lib/factory_bot/factory_runner.rb:29:in `block in run'[0m
      [36m# /home/ec2-user/.rvm/gems/ruby-2.6.3/gems/factory_bot-6.1.0/lib/factory_bot/factory_runner.rb:28:in `run'[0m
      [36m# /home/ec2-user/.rvm/gems/ruby-2.6.3/gems/factory_bot-6.1.0/lib/factory_bot/strategy_syntax_method_registrar.rb:28:in `block in define_singular_strategy_method'[0m
      [36m# ./spec/system/books_spec.rb:6:in `block (2 levels) in <main>'[0m

  29) 投稿のテスト 詳細画面のテスト 他人の投稿詳細画面の表示を確認 投稿の削除リンクが表示されない
      [31mFailure/Error: let!(:book) { create(:book, user: user) }[0m
      [31m[0m
      [31mNoMethodError:[0m
      [31m  undefined method `each' for #<User:0x0000000006dd81e0>[0m
      [31m[0m
      [31m[0m
      [31m[0m
      [36m# /home/ec2-user/.rvm/gems/ruby-2.6.3/gems/factory_bot-6.1.0/lib/factory_bot/attribute_assigner.rb:16:in `public_send'[0m
      [36m# /home/ec2-user/.rvm/gems/ruby-2.6.3/gems/factory_bot-6.1.0/lib/factory_bot/attribute_assigner.rb:16:in `block (2 levels) in object'[0m
      [36m# /home/ec2-user/.rvm/gems/ruby-2.6.3/gems/factory_bot-6.1.0/lib/factory_bot/attribute_assigner.rb:15:in `each'[0m
      [36m# /home/ec2-user/.rvm/gems/ruby-2.6.3/gems/factory_bot-6.1.0/lib/factory_bot/attribute_assigner.rb:15:in `block in object'[0m
      [36m# /home/ec2-user/.rvm/gems/ruby-2.6.3/gems/factory_bot-6.1.0/lib/factory_bot/attribute_assigner.rb:14:in `tap'[0m
      [36m# /home/ec2-user/.rvm/gems/ruby-2.6.3/gems/factory_bot-6.1.0/lib/factory_bot/attribute_assigner.rb:14:in `object'[0m
      [36m# /home/ec2-user/.rvm/gems/ruby-2.6.3/gems/factory_bot-6.1.0/lib/factory_bot/evaluation.rb:13:in `object'[0m
      [36m# /home/ec2-user/.rvm/gems/ruby-2.6.3/gems/factory_bot-6.1.0/lib/factory_bot/strategy/create.rb:9:in `result'[0m
      [36m# /home/ec2-user/.rvm/gems/ruby-2.6.3/gems/factory_bot-6.1.0/lib/factory_bot/factory.rb:43:in `run'[0m
      [36m# /home/ec2-user/.rvm/gems/ruby-2.6.3/gems/factory_bot-6.1.0/lib/factory_bot/factory_runner.rb:29:in `block in run'[0m
      [36m# /home/ec2-user/.rvm/gems/ruby-2.6.3/gems/factory_bot-6.1.0/lib/factory_bot/factory_runner.rb:28:in `run'[0m
      [36m# /home/ec2-user/.rvm/gems/ruby-2.6.3/gems/factory_bot-6.1.0/lib/factory_bot/strategy_syntax_method_registrar.rb:28:in `block in define_singular_strategy_method'[0m
      [36m# ./spec/system/books_spec.rb:6:in `block (2 levels) in <main>'[0m

  30) bootstrapのテスト グリッドシステムのテスト ユーザー関連画面 一覧画面
      [31mFailure/Error: let!(:book) { create(:book, user: user) }[0m
      [31m[0m
      [31mNoMethodError:[0m
      [31m  undefined method `each' for #<User:0x0000000006e0b2e8>[0m
      [31m[0m
      [31m[0m
      [31m[0m
      [36m# /home/ec2-user/.rvm/gems/ruby-2.6.3/gems/factory_bot-6.1.0/lib/factory_bot/attribute_assigner.rb:16:in `public_send'[0m
      [36m# /home/ec2-user/.rvm/gems/ruby-2.6.3/gems/factory_bot-6.1.0/lib/factory_bot/attribute_assigner.rb:16:in `block (2 levels) in object'[0m
      [36m# /home/ec2-user/.rvm/gems/ruby-2.6.3/gems/factory_bot-6.1.0/lib/factory_bot/attribute_assigner.rb:15:in `each'[0m
      [36m# /home/ec2-user/.rvm/gems/ruby-2.6.3/gems/factory_bot-6.1.0/lib/factory_bot/attribute_assigner.rb:15:in `block in object'[0m
      [36m# /home/ec2-user/.rvm/gems/ruby-2.6.3/gems/factory_bot-6.1.0/lib/factory_bot/attribute_assigner.rb:14:in `tap'[0m
      [36m# /home/ec2-user/.rvm/gems/ruby-2.6.3/gems/factory_bot-6.1.0/lib/factory_bot/attribute_assigner.rb:14:in `object'[0m
      [36m# /home/ec2-user/.rvm/gems/ruby-2.6.3/gems/factory_bot-6.1.0/lib/factory_bot/evaluation.rb:13:in `object'[0m
      [36m# /home/ec2-user/.rvm/gems/ruby-2.6.3/gems/factory_bot-6.1.0/lib/factory_bot/strategy/create.rb:9:in `result'[0m
      [36m# /home/ec2-user/.rvm/gems/ruby-2.6.3/gems/factory_bot-6.1.0/lib/factory_bot/factory.rb:43:in `run'[0m
      [36m# /home/ec2-user/.rvm/gems/ruby-2.6.3/gems/factory_bot-6.1.0/lib/factory_bot/factory_runner.rb:29:in `block in run'[0m
      [36m# /home/ec2-user/.rvm/gems/ruby-2.6.3/gems/factory_bot-6.1.0/lib/factory_bot/factory_runner.rb:28:in `run'[0m
      [36m# /home/ec2-user/.rvm/gems/ruby-2.6.3/gems/factory_bot-6.1.0/lib/factory_bot/strategy_syntax_method_registrar.rb:28:in `block in define_singular_strategy_method'[0m
      [36m# ./spec/system/bootstrap_spec.rb:5:in `block (2 levels) in <main>'[0m

  31) bootstrapのテスト グリッドシステムのテスト ユーザー関連画面 詳細画面
      [31mFailure/Error: let!(:book) { create(:book, user: user) }[0m
      [31m[0m
      [31mNoMethodError:[0m
      [31m  undefined method `each' for #<User:0x0000000006e29568>[0m
      [31m[0m
      [31m[0m
      [31m[0m
      [36m# /home/ec2-user/.rvm/gems/ruby-2.6.3/gems/factory_bot-6.1.0/lib/factory_bot/attribute_assigner.rb:16:in `public_send'[0m
      [36m# /home/ec2-user/.rvm/gems/ruby-2.6.3/gems/factory_bot-6.1.0/lib/factory_bot/attribute_assigner.rb:16:in `block (2 levels) in object'[0m
      [36m# /home/ec2-user/.rvm/gems/ruby-2.6.3/gems/factory_bot-6.1.0/lib/factory_bot/attribute_assigner.rb:15:in `each'[0m
      [36m# /home/ec2-user/.rvm/gems/ruby-2.6.3/gems/factory_bot-6.1.0/lib/factory_bot/attribute_assigner.rb:15:in `block in object'[0m
      [36m# /home/ec2-user/.rvm/gems/ruby-2.6.3/gems/factory_bot-6.1.0/lib/factory_bot/attribute_assigner.rb:14:in `tap'[0m
      [36m# /home/ec2-user/.rvm/gems/ruby-2.6.3/gems/factory_bot-6.1.0/lib/factory_bot/attribute_assigner.rb:14:in `object'[0m
      [36m# /home/ec2-user/.rvm/gems/ruby-2.6.3/gems/factory_bot-6.1.0/lib/factory_bot/evaluation.rb:13:in `object'[0m
      [36m# /home/ec2-user/.rvm/gems/ruby-2.6.3/gems/factory_bot-6.1.0/lib/factory_bot/strategy/create.rb:9:in `result'[0m
      [36m# /home/ec2-user/.rvm/gems/ruby-2.6.3/gems/factory_bot-6.1.0/lib/factory_bot/factory.rb:43:in `run'[0m
      [36m# /home/ec2-user/.rvm/gems/ruby-2.6.3/gems/factory_bot-6.1.0/lib/factory_bot/factory_runner.rb:29:in `block in run'[0m
      [36m# /home/ec2-user/.rvm/gems/ruby-2.6.3/gems/factory_bot-6.1.0/lib/factory_bot/factory_runner.rb:28:in `run'[0m
      [36m# /home/ec2-user/.rvm/gems/ruby-2.6.3/gems/factory_bot-6.1.0/lib/factory_bot/strategy_syntax_method_registrar.rb:28:in `block in define_singular_strategy_method'[0m
      [36m# ./spec/system/bootstrap_spec.rb:5:in `block (2 levels) in <main>'[0m

  32) bootstrapのテスト グリッドシステムのテスト 投稿関連画面 一覧画面
      [31mFailure/Error: let!(:book) { create(:book, user: user) }[0m
      [31m[0m
      [31mNoMethodError:[0m
      [31m  undefined method `each' for #<User:0x0000000006e52a08>[0m
      [31m[0m
      [31m[0m
      [31m[0m
      [36m# /home/ec2-user/.rvm/gems/ruby-2.6.3/gems/factory_bot-6.1.0/lib/factory_bot/attribute_assigner.rb:16:in `public_send'[0m
      [36m# /home/ec2-user/.rvm/gems/ruby-2.6.3/gems/factory_bot-6.1.0/lib/factory_bot/attribute_assigner.rb:16:in `block (2 levels) in object'[0m
      [36m# /home/ec2-user/.rvm/gems/ruby-2.6.3/gems/factory_bot-6.1.0/lib/factory_bot/attribute_assigner.rb:15:in `each'[0m
      [36m# /home/ec2-user/.rvm/gems/ruby-2.6.3/gems/factory_bot-6.1.0/lib/factory_bot/attribute_assigner.rb:15:in `block in object'[0m
      [36m# /home/ec2-user/.rvm/gems/ruby-2.6.3/gems/factory_bot-6.1.0/lib/factory_bot/attribute_assigner.rb:14:in `tap'[0m
      [36m# /home/ec2-user/.rvm/gems/ruby-2.6.3/gems/factory_bot-6.1.0/lib/factory_bot/attribute_assigner.rb:14:in `object'[0m
      [36m# /home/ec2-user/.rvm/gems/ruby-2.6.3/gems/factory_bot-6.1.0/lib/factory_bot/evaluation.rb:13:in `object'[0m
      [36m# /home/ec2-user/.rvm/gems/ruby-2.6.3/gems/factory_bot-6.1.0/lib/factory_bot/strategy/create.rb:9:in `result'[0m
      [36m# /home/ec2-user/.rvm/gems/ruby-2.6.3/gems/factory_bot-6.1.0/lib/factory_bot/factory.rb:43:in `run'[0m
      [36m# /home/ec2-user/.rvm/gems/ruby-2.6.3/gems/factory_bot-6.1.0/lib/factory_bot/factory_runner.rb:29:in `block in run'[0m
      [36m# /home/ec2-user/.rvm/gems/ruby-2.6.3/gems/factory_bot-6.1.0/lib/factory_bot/factory_runner.rb:28:in `run'[0m
      [36m# /home/ec2-user/.rvm/gems/ruby-2.6.3/gems/factory_bot-6.1.0/lib/factory_bot/strategy_syntax_method_registrar.rb:28:in `block in define_singular_strategy_method'[0m
      [36m# ./spec/system/bootstrap_spec.rb:5:in `block (2 levels) in <main>'[0m

  33) bootstrapのテスト グリッドシステムのテスト 投稿関連画面 詳細画面
      [31mFailure/Error: let!(:book) { create(:book, user: user) }[0m
      [31m[0m
      [31mNoMethodError:[0m
      [31m  undefined method `each' for #<User:0x0000000006e70c38>[0m
      [31m[0m
      [31m[0m
      [31m[0m
      [36m# /home/ec2-user/.rvm/gems/ruby-2.6.3/gems/factory_bot-6.1.0/lib/factory_bot/attribute_assigner.rb:16:in `public_send'[0m
      [36m# /home/ec2-user/.rvm/gems/ruby-2.6.3/gems/factory_bot-6.1.0/lib/factory_bot/attribute_assigner.rb:16:in `block (2 levels) in object'[0m
      [36m# /home/ec2-user/.rvm/gems/ruby-2.6.3/gems/factory_bot-6.1.0/lib/factory_bot/attribute_assigner.rb:15:in `each'[0m
      [36m# /home/ec2-user/.rvm/gems/ruby-2.6.3/gems/factory_bot-6.1.0/lib/factory_bot/attribute_assigner.rb:15:in `block in object'[0m
      [36m# /home/ec2-user/.rvm/gems/ruby-2.6.3/gems/factory_bot-6.1.0/lib/factory_bot/attribute_assigner.rb:14:in `tap'[0m
      [36m# /home/ec2-user/.rvm/gems/ruby-2.6.3/gems/factory_bot-6.1.0/lib/factory_bot/attribute_assigner.rb:14:in `object'[0m
      [36m# /home/ec2-user/.rvm/gems/ruby-2.6.3/gems/factory_bot-6.1.0/lib/factory_bot/evaluation.rb:13:in `object'[0m
      [36m# /home/ec2-user/.rvm/gems/ruby-2.6.3/gems/factory_bot-6.1.0/lib/factory_bot/strategy/create.rb:9:in `result'[0m
      [36m# /home/ec2-user/.rvm/gems/ruby-2.6.3/gems/factory_bot-6.1.0/lib/factory_bot/factory.rb:43:in `run'[0m
      [36m# /home/ec2-user/.rvm/gems/ruby-2.6.3/gems/factory_bot-6.1.0/lib/factory_bot/factory_runner.rb:29:in `block in run'[0m
      [36m# /home/ec2-user/.rvm/gems/ruby-2.6.3/gems/factory_bot-6.1.0/lib/factory_bot/factory_runner.rb:28:in `run'[0m
      [36m# /home/ec2-user/.rvm/gems/ruby-2.6.3/gems/factory_bot-6.1.0/lib/factory_bot/strategy_syntax_method_registrar.rb:28:in `block in define_singular_strategy_method'[0m
      [36m# ./spec/system/bootstrap_spec.rb:5:in `block (2 levels) in <main>'[0m

  34) ヘッダーのテスト ログインしている場合 ヘッダーのリンクを確認 Users画面に遷移する
      [31mFailure/Error: private[0m
      [31m[0m
      [31mNameError:[0m
      [31m  undefined local variable or method `private' for #<UsersController:0x00000000077dd8e8>[0m
      [31m  Did you mean?  print[0m
      [31m[0m
      [31m[0m
      [31m[0m
      [36m# ./app/controllers/users_controller.rb:30:in `index'[0m
      [36m# /home/ec2-user/.rvm/gems/ruby-2.6.3/gems/warden-1.2.9/lib/warden/manager.rb:36:in `block in call'[0m
      [36m# /home/ec2-user/.rvm/gems/ruby-2.6.3/gems/warden-1.2.9/lib/warden/manager.rb:34:in `catch'[0m
      [36m# /home/ec2-user/.rvm/gems/ruby-2.6.3/gems/warden-1.2.9/lib/warden/manager.rb:34:in `call'[0m
      [36m# /home/ec2-user/.rvm/gems/ruby-2.6.3/gems/rack-2.2.3/lib/rack/tempfile_reaper.rb:15:in `call'[0m
      [36m# /home/ec2-user/.rvm/gems/ruby-2.6.3/gems/rack-2.2.3/lib/rack/etag.rb:27:in `call'[0m
      [36m# /home/ec2-user/.rvm/gems/ruby-2.6.3/gems/rack-2.2.3/lib/rack/conditional_get.rb:27:in `call'[0m
      [36m# /home/ec2-user/.rvm/gems/ruby-2.6.3/gems/rack-2.2.3/lib/rack/head.rb:12:in `call'[0m
      [36m# /home/ec2-user/.rvm/gems/ruby-2.6.3/gems/rack-2.2.3/lib/rack/session/abstract/id.rb:266:in `context'[0m
      [36m# /home/ec2-user/.rvm/gems/ruby-2.6.3/gems/rack-2.2.3/lib/rack/session/abstract/id.rb:260:in `call'[0m
      [36m# /home/ec2-user/.rvm/gems/ruby-2.6.3/gems/railties-5.2.4.3/lib/rails/rack/logger.rb:38:in `call_app'[0m
      [36m# /home/ec2-user/.rvm/gems/ruby-2.6.3/gems/railties-5.2.4.3/lib/rails/rack/logger.rb:26:in `block in call'[0m
      [36m# /home/ec2-user/.rvm/gems/ruby-2.6.3/gems/railties-5.2.4.3/lib/rails/rack/logger.rb:26:in `call'[0m
      [36m# /home/ec2-user/.rvm/gems/ruby-2.6.3/gems/rack-2.2.3/lib/rack/method_override.rb:24:in `call'[0m
      [36m# /home/ec2-user/.rvm/gems/ruby-2.6.3/gems/rack-2.2.3/lib/rack/runtime.rb:22:in `call'[0m
      [36m# /home/ec2-user/.rvm/gems/ruby-2.6.3/gems/rack-2.2.3/lib/rack/sendfile.rb:110:in `call'[0m
      [36m# /home/ec2-user/.rvm/gems/ruby-2.6.3/gems/railties-5.2.4.3/lib/rails/engine.rb:524:in `call'[0m
      [36m# /home/ec2-user/.rvm/gems/ruby-2.6.3/gems/rack-2.2.3/lib/rack/urlmap.rb:74:in `block in call'[0m
      [36m# /home/ec2-user/.rvm/gems/ruby-2.6.3/gems/rack-2.2.3/lib/rack/urlmap.rb:58:in `each'[0m
      [36m# /home/ec2-user/.rvm/gems/ruby-2.6.3/gems/rack-2.2.3/lib/rack/urlmap.rb:58:in `call'[0m
      [36m# /home/ec2-user/.rvm/gems/ruby-2.6.3/gems/rack-2.2.3/lib/rack/builder.rb:244:in `call'[0m
      [36m# /home/ec2-user/.rvm/gems/ruby-2.6.3/gems/rack-test-1.1.0/lib/rack/mock_session.rb:29:in `request'[0m
      [36m# /home/ec2-user/.rvm/gems/ruby-2.6.3/gems/rack-test-1.1.0/lib/rack/test.rb:266:in `process_request'[0m
      [36m# /home/ec2-user/.rvm/gems/ruby-2.6.3/gems/rack-test-1.1.0/lib/rack/test.rb:129:in `custom_request'[0m
      [36m# /home/ec2-user/.rvm/gems/ruby-2.6.3/gems/rack-test-1.1.0/lib/rack/test.rb:58:in `get'[0m
      [36m# /home/ec2-user/.rvm/gems/ruby-2.6.3/gems/capybara-3.33.0/lib/capybara/rack_test/browser.rb:70:in `process'[0m
      [36m# /home/ec2-user/.rvm/gems/ruby-2.6.3/gems/capybara-3.33.0/lib/capybara/rack_test/browser.rb:45:in `process_and_follow_redirects'[0m
      [36m# /home/ec2-user/.rvm/gems/ruby-2.6.3/gems/capybara-3.33.0/lib/capybara/rack_test/browser.rb:41:in `follow'[0m
      [36m# /home/ec2-user/.rvm/gems/ruby-2.6.3/gems/capybara-3.33.0/lib/capybara/rack_test/node.rb:246:in `follow_link'[0m
      [36m# /home/ec2-user/.rvm/gems/ruby-2.6.3/gems/capybara-3.33.0/lib/capybara/rack_test/node.rb:72:in `click'[0m
      [36m# /home/ec2-user/.rvm/gems/ruby-2.6.3/gems/capybara-3.33.0/lib/capybara/rack_test/node.rb:137:in `block (2 levels) in <class:Node>'[0m
      [36m# /home/ec2-user/.rvm/gems/ruby-2.6.3/gems/capybara-3.33.0/lib/capybara/node/element.rb:172:in `block in click'[0m
      [36m# /home/ec2-user/.rvm/gems/ruby-2.6.3/gems/capybara-3.33.0/lib/capybara/node/element.rb:601:in `block in perform_click_action'[0m
      [36m# /home/ec2-user/.rvm/gems/ruby-2.6.3/gems/capybara-3.33.0/lib/capybara/node/base.rb:83:in `synchronize'[0m
      [36m# /home/ec2-user/.rvm/gems/ruby-2.6.3/gems/capybara-3.33.0/lib/capybara/node/element.rb:601:in `perform_click_action'[0m
      [36m# /home/ec2-user/.rvm/gems/ruby-2.6.3/gems/capybara-3.33.0/lib/capybara/node/element.rb:171:in `click'[0m
      [36m# /home/ec2-user/.rvm/gems/ruby-2.6.3/gems/capybara-3.33.0/lib/capybara/node/actions.rb:42:in `click_link'[0m
      [36m# /home/ec2-user/.rvm/gems/ruby-2.6.3/gems/capybara-3.33.0/lib/capybara/session.rb:759:in `block (2 levels) in <class:Session>'[0m
      [36m# /home/ec2-user/.rvm/gems/ruby-2.6.3/gems/capybara-3.33.0/lib/capybara/dsl.rb:58:in `block (2 levels) in <module:DSL>'[0m
      [36m# ./spec/system/header_spec.rb:106:in `block (4 levels) in <main>'[0m

  35) ヘッダーのテスト ログインしている場合 ヘッダーのリンクを確認 logoutする
      [31mFailure/Error: user_path(current_user.id)[0m
      [31m[0m
      [31mNoMethodError:[0m
      [31m  undefined method `id' for nil:NilClass[0m
      [31m[0m
      [31m[0m
      [31m[0m
      [36m# ./app/controllers/application_controller.rb:11:in `after_sign_out_path_for'[0m
      [36m# /home/ec2-user/.rvm/gems/ruby-2.6.3/gems/devise-4.7.2/app/controllers/devise/sessions_controller.rb:80:in `block (2 levels) in respond_to_on_destroy'[0m
      [36m# /home/ec2-user/.rvm/gems/ruby-2.6.3/gems/devise-4.7.2/app/controllers/devise/sessions_controller.rb:78:in `respond_to_on_destroy'[0m
      [36m# /home/ec2-user/.rvm/gems/ruby-2.6.3/gems/devise-4.7.2/app/controllers/devise/sessions_controller.rb:31:in `destroy'[0m
      [36m# /home/ec2-user/.rvm/gems/ruby-2.6.3/gems/warden-1.2.9/lib/warden/manager.rb:36:in `block in call'[0m
      [36m# /home/ec2-user/.rvm/gems/ruby-2.6.3/gems/warden-1.2.9/lib/warden/manager.rb:34:in `catch'[0m
      [36m# /home/ec2-user/.rvm/gems/ruby-2.6.3/gems/warden-1.2.9/lib/warden/manager.rb:34:in `call'[0m
      [36m# /home/ec2-user/.rvm/gems/ruby-2.6.3/gems/rack-2.2.3/lib/rack/tempfile_reaper.rb:15:in `call'[0m
      [36m# /home/ec2-user/.rvm/gems/ruby-2.6.3/gems/rack-2.2.3/lib/rack/etag.rb:27:in `call'[0m
      [36m# /home/ec2-user/.rvm/gems/ruby-2.6.3/gems/rack-2.2.3/lib/rack/conditional_get.rb:40:in `call'[0m
      [36m# /home/ec2-user/.rvm/gems/ruby-2.6.3/gems/rack-2.2.3/lib/rack/head.rb:12:in `call'[0m
      [36m# /home/ec2-user/.rvm/gems/ruby-2.6.3/gems/rack-2.2.3/lib/rack/session/abstract/id.rb:266:in `context'[0m
      [36m# /home/ec2-user/.rvm/gems/ruby-2.6.3/gems/rack-2.2.3/lib/rack/session/abstract/id.rb:260:in `call'[0m
      [36m# /home/ec2-user/.rvm/gems/ruby-2.6.3/gems/railties-5.2.4.3/lib/rails/rack/logger.rb:38:in `call_app'[0m
      [36m# /home/ec2-user/.rvm/gems/ruby-2.6.3/gems/railties-5.2.4.3/lib/rails/rack/logger.rb:26:in `block in call'[0m
      [36m# /home/ec2-user/.rvm/gems/ruby-2.6.3/gems/railties-5.2.4.3/lib/rails/rack/logger.rb:26:in `call'[0m
      [36m# /home/ec2-user/.rvm/gems/ruby-2.6.3/gems/rack-2.2.3/lib/rack/method_override.rb:24:in `call'[0m
      [36m# /home/ec2-user/.rvm/gems/ruby-2.6.3/gems/rack-2.2.3/lib/rack/runtime.rb:22:in `call'[0m
      [36m# /home/ec2-user/.rvm/gems/ruby-2.6.3/gems/rack-2.2.3/lib/rack/sendfile.rb:110:in `call'[0m
      [36m# /home/ec2-user/.rvm/gems/ruby-2.6.3/gems/railties-5.2.4.3/lib/rails/engine.rb:524:in `call'[0m
      [36m# /home/ec2-user/.rvm/gems/ruby-2.6.3/gems/rack-2.2.3/lib/rack/urlmap.rb:74:in `block in call'[0m
      [36m# /home/ec2-user/.rvm/gems/ruby-2.6.3/gems/rack-2.2.3/lib/rack/urlmap.rb:58:in `each'[0m
      [36m# /home/ec2-user/.rvm/gems/ruby-2.6.3/gems/rack-2.2.3/lib/rack/urlmap.rb:58:in `call'[0m
      [36m# /home/ec2-user/.rvm/gems/ruby-2.6.3/gems/rack-2.2.3/lib/rack/builder.rb:244:in `call'[0m
      [36m# /home/ec2-user/.rvm/gems/ruby-2.6.3/gems/rack-test-1.1.0/lib/rack/mock_session.rb:29:in `request'[0m
      [36m# /home/ec2-user/.rvm/gems/ruby-2.6.3/gems/rack-test-1.1.0/lib/rack/test.rb:266:in `process_request'[0m
      [36m# /home/ec2-user/.rvm/gems/ruby-2.6.3/gems/rack-test-1.1.0/lib/rack/test.rb:129:in `custom_request'[0m
      [36m# /home/ec2-user/.rvm/gems/ruby-2.6.3/gems/rack-test-1.1.0/lib/rack/test.rb:90:in `delete'[0m
      [36m# /home/ec2-user/.rvm/gems/ruby-2.6.3/gems/capybara-3.33.0/lib/capybara/rack_test/browser.rb:70:in `process'[0m
      [36m# /home/ec2-user/.rvm/gems/ruby-2.6.3/gems/capybara-3.33.0/lib/capybara/rack_test/browser.rb:45:in `process_and_follow_redirects'[0m
      [36m# /home/ec2-user/.rvm/gems/ruby-2.6.3/gems/capybara-3.33.0/lib/capybara/rack_test/browser.rb:41:in `follow'[0m
      [36m# /home/ec2-user/.rvm/gems/ruby-2.6.3/gems/capybara-3.33.0/lib/capybara/rack_test/node.rb:246:in `follow_link'[0m
      [36m# /home/ec2-user/.rvm/gems/ruby-2.6.3/gems/capybara-3.33.0/lib/capybara/rack_test/node.rb:72:in `click'[0m
      [36m# /home/ec2-user/.rvm/gems/ruby-2.6.3/gems/capybara-3.33.0/lib/capybara/rack_test/node.rb:137:in `block (2 levels) in <class:Node>'[0m
      [36m# /home/ec2-user/.rvm/gems/ruby-2.6.3/gems/capybara-3.33.0/lib/capybara/node/element.rb:172:in `block in click'[0m
      [36m# /home/ec2-user/.rvm/gems/ruby-2.6.3/gems/capybara-3.33.0/lib/capybara/node/element.rb:601:in `block in perform_click_action'[0m
      [36m# /home/ec2-user/.rvm/gems/ruby-2.6.3/gems/capybara-3.33.0/lib/capybara/node/base.rb:83:in `synchronize'[0m
      [36m# /home/ec2-user/.rvm/gems/ruby-2.6.3/gems/capybara-3.33.0/lib/capybara/node/element.rb:601:in `perform_click_action'[0m
      [36m# /home/ec2-user/.rvm/gems/ruby-2.6.3/gems/capybara-3.33.0/lib/capybara/node/element.rb:171:in `click'[0m
      [36m# /home/ec2-user/.rvm/gems/ruby-2.6.3/gems/capybara-3.33.0/lib/capybara/node/actions.rb:42:in `click_link'[0m
      [36m# /home/ec2-user/.rvm/gems/ruby-2.6.3/gems/capybara-3.33.0/lib/capybara/session.rb:759:in `block (2 levels) in <class:Session>'[0m
      [36m# /home/ec2-user/.rvm/gems/ruby-2.6.3/gems/capybara-3.33.0/lib/capybara/dsl.rb:58:in `block (2 levels) in <module:DSL>'[0m
      [36m# ./spec/system/header_spec.rb:118:in `block (4 levels) in <main>'[0m

  36) ユーザー権限のテスト ログインしていない場合 投稿関連のURLにアクセス 一覧画面に遷移できない
      [31mFailure/Error: let!(:book) { create(:book, user: user) }[0m
      [31m[0m
      [31mNoMethodError:[0m
      [31m  undefined method `each' for #<User:0x0000000006bcabc8>[0m
      [31m[0m
      [31m[0m
      [31m[0m
      [36m# /home/ec2-user/.rvm/gems/ruby-2.6.3/gems/factory_bot-6.1.0/lib/factory_bot/attribute_assigner.rb:16:in `public_send'[0m
      [36m# /home/ec2-user/.rvm/gems/ruby-2.6.3/gems/factory_bot-6.1.0/lib/factory_bot/attribute_assigner.rb:16:in `block (2 levels) in object'[0m
      [36m# /home/ec2-user/.rvm/gems/ruby-2.6.3/gems/factory_bot-6.1.0/lib/factory_bot/attribute_assigner.rb:15:in `each'[0m
      [36m# /home/ec2-user/.rvm/gems/ruby-2.6.3/gems/factory_bot-6.1.0/lib/factory_bot/attribute_assigner.rb:15:in `block in object'[0m
      [36m# /home/ec2-user/.rvm/gems/ruby-2.6.3/gems/factory_bot-6.1.0/lib/factory_bot/attribute_assigner.rb:14:in `tap'[0m
      [36m# /home/ec2-user/.rvm/gems/ruby-2.6.3/gems/factory_bot-6.1.0/lib/factory_bot/attribute_assigner.rb:14:in `object'[0m
      [36m# /home/ec2-user/.rvm/gems/ruby-2.6.3/gems/factory_bot-6.1.0/lib/factory_bot/evaluation.rb:13:in `object'[0m
      [36m# /home/ec2-user/.rvm/gems/ruby-2.6.3/gems/factory_bot-6.1.0/lib/factory_bot/strategy/create.rb:9:in `result'[0m
      [36m# /home/ec2-user/.rvm/gems/ruby-2.6.3/gems/factory_bot-6.1.0/lib/factory_bot/factory.rb:43:in `run'[0m
      [36m# /home/ec2-user/.rvm/gems/ruby-2.6.3/gems/factory_bot-6.1.0/lib/factory_bot/factory_runner.rb:29:in `block in run'[0m
      [36m# /home/ec2-user/.rvm/gems/ruby-2.6.3/gems/factory_bot-6.1.0/lib/factory_bot/factory_runner.rb:28:in `run'[0m
      [36m# /home/ec2-user/.rvm/gems/ruby-2.6.3/gems/factory_bot-6.1.0/lib/factory_bot/strategy_syntax_method_registrar.rb:28:in `block in define_singular_strategy_method'[0m
      [36m# ./spec/system/main_spec.rb:5:in `block (2 levels) in <main>'[0m

  37) ユーザー権限のテスト ログインしていない場合 投稿関連のURLにアクセス 編集画面に遷移できない
      [31mFailure/Error: let!(:book) { create(:book, user: user) }[0m
      [31m[0m
      [31mNoMethodError:[0m
      [31m  undefined method `each' for #<User:0x0000000006bfd398>[0m
      [31m[0m
      [31m[0m
      [31m[0m
      [36m# /home/ec2-user/.rvm/gems/ruby-2.6.3/gems/factory_bot-6.1.0/lib/factory_bot/attribute_assigner.rb:16:in `public_send'[0m
      [36m# /home/ec2-user/.rvm/gems/ruby-2.6.3/gems/factory_bot-6.1.0/lib/factory_bot/attribute_assigner.rb:16:in `block (2 levels) in object'[0m
      [36m# /home/ec2-user/.rvm/gems/ruby-2.6.3/gems/factory_bot-6.1.0/lib/factory_bot/attribute_assigner.rb:15:in `each'[0m
      [36m# /home/ec2-user/.rvm/gems/ruby-2.6.3/gems/factory_bot-6.1.0/lib/factory_bot/attribute_assigner.rb:15:in `block in object'[0m
      [36m# /home/ec2-user/.rvm/gems/ruby-2.6.3/gems/factory_bot-6.1.0/lib/factory_bot/attribute_assigner.rb:14:in `tap'[0m
      [36m# /home/ec2-user/.rvm/gems/ruby-2.6.3/gems/factory_bot-6.1.0/lib/factory_bot/attribute_assigner.rb:14:in `object'[0m
      [36m# /home/ec2-user/.rvm/gems/ruby-2.6.3/gems/factory_bot-6.1.0/lib/factory_bot/evaluation.rb:13:in `object'[0m
      [36m# /home/ec2-user/.rvm/gems/ruby-2.6.3/gems/factory_bot-6.1.0/lib/factory_bot/strategy/create.rb:9:in `result'[0m
      [36m# /home/ec2-user/.rvm/gems/ruby-2.6.3/gems/factory_bot-6.1.0/lib/factory_bot/factory.rb:43:in `run'[0m
      [36m# /home/ec2-user/.rvm/gems/ruby-2.6.3/gems/factory_bot-6.1.0/lib/factory_bot/factory_runner.rb:29:in `block in run'[0m
      [36m# /home/ec2-user/.rvm/gems/ruby-2.6.3/gems/factory_bot-6.1.0/lib/factory_bot/factory_runner.rb:28:in `run'[0m
      [36m# /home/ec2-user/.rvm/gems/ruby-2.6.3/gems/factory_bot-6.1.0/lib/factory_bot/strategy_syntax_method_registrar.rb:28:in `block in define_singular_strategy_method'[0m
      [36m# ./spec/system/main_spec.rb:5:in `block (2 levels) in <main>'[0m

  38) ユーザー権限のテスト ログインしていない場合 投稿関連のURLにアクセス 詳細画面に遷移できない
      [31mFailure/Error: let!(:book) { create(:book, user: user) }[0m
      [31m[0m
      [31mNoMethodError:[0m
      [31m  undefined method `each' for #<User:0x0000000006c365f8>[0m
      [31m[0m
      [31m[0m
      [31m[0m
      [36m# /home/ec2-user/.rvm/gems/ruby-2.6.3/gems/factory_bot-6.1.0/lib/factory_bot/attribute_assigner.rb:16:in `public_send'[0m
      [36m# /home/ec2-user/.rvm/gems/ruby-2.6.3/gems/factory_bot-6.1.0/lib/factory_bot/attribute_assigner.rb:16:in `block (2 levels) in object'[0m
      [36m# /home/ec2-user/.rvm/gems/ruby-2.6.3/gems/factory_bot-6.1.0/lib/factory_bot/attribute_assigner.rb:15:in `each'[0m
      [36m# /home/ec2-user/.rvm/gems/ruby-2.6.3/gems/factory_bot-6.1.0/lib/factory_bot/attribute_assigner.rb:15:in `block in object'[0m
      [36m# /home/ec2-user/.rvm/gems/ruby-2.6.3/gems/factory_bot-6.1.0/lib/factory_bot/attribute_assigner.rb:14:in `tap'[0m
      [36m# /home/ec2-user/.rvm/gems/ruby-2.6.3/gems/factory_bot-6.1.0/lib/factory_bot/attribute_assigner.rb:14:in `object'[0m
      [36m# /home/ec2-user/.rvm/gems/ruby-2.6.3/gems/factory_bot-6.1.0/lib/factory_bot/evaluation.rb:13:in `object'[0m
      [36m# /home/ec2-user/.rvm/gems/ruby-2.6.3/gems/factory_bot-6.1.0/lib/factory_bot/strategy/create.rb:9:in `result'[0m
      [36m# /home/ec2-user/.rvm/gems/ruby-2.6.3/gems/factory_bot-6.1.0/lib/factory_bot/factory.rb:43:in `run'[0m
      [36m# /home/ec2-user/.rvm/gems/ruby-2.6.3/gems/factory_bot-6.1.0/lib/factory_bot/factory_runner.rb:29:in `block in run'[0m
      [36m# /home/ec2-user/.rvm/gems/ruby-2.6.3/gems/factory_bot-6.1.0/lib/factory_bot/factory_runner.rb:28:in `run'[0m
      [36m# /home/ec2-user/.rvm/gems/ruby-2.6.3/gems/factory_bot-6.1.0/lib/factory_bot/strategy_syntax_method_registrar.rb:28:in `block in define_singular_strategy_method'[0m
      [36m# ./spec/system/main_spec.rb:5:in `block (2 levels) in <main>'[0m

  39) ユーザー権限のテスト ログインしていない場合にユーザー関連のURLにアクセス ユーザー関連のURLにアクセス 一覧画面に遷移できない
      [31mFailure/Error: let!(:book) { create(:book, user: user) }[0m
      [31m[0m
      [31mNoMethodError:[0m
      [31m  undefined method `each' for #<User:0x0000000006c6a9c0>[0m
      [31m[0m
      [31m[0m
      [31m[0m
      [36m# /home/ec2-user/.rvm/gems/ruby-2.6.3/gems/factory_bot-6.1.0/lib/factory_bot/attribute_assigner.rb:16:in `public_send'[0m
      [36m# /home/ec2-user/.rvm/gems/ruby-2.6.3/gems/factory_bot-6.1.0/lib/factory_bot/attribute_assigner.rb:16:in `block (2 levels) in object'[0m
      [36m# /home/ec2-user/.rvm/gems/ruby-2.6.3/gems/factory_bot-6.1.0/lib/factory_bot/attribute_assigner.rb:15:in `each'[0m
      [36m# /home/ec2-user/.rvm/gems/ruby-2.6.3/gems/factory_bot-6.1.0/lib/factory_bot/attribute_assigner.rb:15:in `block in object'[0m
      [36m# /home/ec2-user/.rvm/gems/ruby-2.6.3/gems/factory_bot-6.1.0/lib/factory_bot/attribute_assigner.rb:14:in `tap'[0m
      [36m# /home/ec2-user/.rvm/gems/ruby-2.6.3/gems/factory_bot-6.1.0/lib/factory_bot/attribute_assigner.rb:14:in `object'[0m
      [36m# /home/ec2-user/.rvm/gems/ruby-2.6.3/gems/factory_bot-6.1.0/lib/factory_bot/evaluation.rb:13:in `object'[0m
      [36m# /home/ec2-user/.rvm/gems/ruby-2.6.3/gems/factory_bot-6.1.0/lib/factory_bot/strategy/create.rb:9:in `result'[0m
      [36m# /home/ec2-user/.rvm/gems/ruby-2.6.3/gems/factory_bot-6.1.0/lib/factory_bot/factory.rb:43:in `run'[0m
      [36m# /home/ec2-user/.rvm/gems/ruby-2.6.3/gems/factory_bot-6.1.0/lib/factory_bot/factory_runner.rb:29:in `block in run'[0m
      [36m# /home/ec2-user/.rvm/gems/ruby-2.6.3/gems/factory_bot-6.1.0/lib/factory_bot/factory_runner.rb:28:in `run'[0m
      [36m# /home/ec2-user/.rvm/gems/ruby-2.6.3/gems/factory_bot-6.1.0/lib/factory_bot/strategy_syntax_method_registrar.rb:28:in `block in define_singular_strategy_method'[0m
      [36m# ./spec/system/main_spec.rb:5:in `block (2 levels) in <main>'[0m

  40) ユーザー権限のテスト ログインしていない場合にユーザー関連のURLにアクセス ユーザー関連のURLにアクセス 編集画面に遷移できない
      [31mFailure/Error: let!(:book) { create(:book, user: user) }[0m
      [31m[0m
      [31mNoMethodError:[0m
      [31m  undefined method `each' for #<User:0x0000000006c9fd78>[0m
      [31m[0m
      [31m[0m
      [31m[0m
      [36m# /home/ec2-user/.rvm/gems/ruby-2.6.3/gems/factory_bot-6.1.0/lib/factory_bot/attribute_assigner.rb:16:in `public_send'[0m
      [36m# /home/ec2-user/.rvm/gems/ruby-2.6.3/gems/factory_bot-6.1.0/lib/factory_bot/attribute_assigner.rb:16:in `block (2 levels) in object'[0m
      [36m# /home/ec2-user/.rvm/gems/ruby-2.6.3/gems/factory_bot-6.1.0/lib/factory_bot/attribute_assigner.rb:15:in `each'[0m
      [36m# /home/ec2-user/.rvm/gems/ruby-2.6.3/gems/factory_bot-6.1.0/lib/factory_bot/attribute_assigner.rb:15:in `block in object'[0m
      [36m# /home/ec2-user/.rvm/gems/ruby-2.6.3/gems/factory_bot-6.1.0/lib/factory_bot/attribute_assigner.rb:14:in `tap'[0m
      [36m# /home/ec2-user/.rvm/gems/ruby-2.6.3/gems/factory_bot-6.1.0/lib/factory_bot/attribute_assigner.rb:14:in `object'[0m
      [36m# /home/ec2-user/.rvm/gems/ruby-2.6.3/gems/factory_bot-6.1.0/lib/factory_bot/evaluation.rb:13:in `object'[0m
      [36m# /home/ec2-user/.rvm/gems/ruby-2.6.3/gems/factory_bot-6.1.0/lib/factory_bot/strategy/create.rb:9:in `result'[0m
      [36m# /home/ec2-user/.rvm/gems/ruby-2.6.3/gems/factory_bot-6.1.0/lib/factory_bot/factory.rb:43:in `run'[0m
      [36m# /home/ec2-user/.rvm/gems/ruby-2.6.3/gems/factory_bot-6.1.0/lib/factory_bot/factory_runner.rb:29:in `block in run'[0m
      [36m# /home/ec2-user/.rvm/gems/ruby-2.6.3/gems/factory_bot-6.1.0/lib/factory_bot/factory_runner.rb:28:in `run'[0m
      [36m# /home/ec2-user/.rvm/gems/ruby-2.6.3/gems/factory_bot-6.1.0/lib/factory_bot/strategy_syntax_method_registrar.rb:28:in `block in define_singular_strategy_method'[0m
      [36m# ./spec/system/main_spec.rb:5:in `block (2 levels) in <main>'[0m

  41) ユーザー権限のテスト ログインしていない場合にユーザー関連のURLにアクセス ユーザー関連のURLにアクセス 詳細画面に遷移でない
      [31mFailure/Error: let!(:book) { create(:book, user: user) }[0m
      [31m[0m
      [31mNoMethodError:[0m
      [31m  undefined method `each' for #<User:0x0000000006ccdf70>[0m
      [31m[0m
      [31m[0m
      [31m[0m
      [36m# /home/ec2-user/.rvm/gems/ruby-2.6.3/gems/factory_bot-6.1.0/lib/factory_bot/attribute_assigner.rb:16:in `public_send'[0m
      [36m# /home/ec2-user/.rvm/gems/ruby-2.6.3/gems/factory_bot-6.1.0/lib/factory_bot/attribute_assigner.rb:16:in `block (2 levels) in object'[0m
      [36m# /home/ec2-user/.rvm/gems/ruby-2.6.3/gems/factory_bot-6.1.0/lib/factory_bot/attribute_assigner.rb:15:in `each'[0m
      [36m# /home/ec2-user/.rvm/gems/ruby-2.6.3/gems/factory_bot-6.1.0/lib/factory_bot/attribute_assigner.rb:15:in `block in object'[0m
      [36m# /home/ec2-user/.rvm/gems/ruby-2.6.3/gems/factory_bot-6.1.0/lib/factory_bot/attribute_assigner.rb:14:in `tap'[0m
      [36m# /home/ec2-user/.rvm/gems/ruby-2.6.3/gems/factory_bot-6.1.0/lib/factory_bot/attribute_assigner.rb:14:in `object'[0m
      [36m# /home/ec2-user/.rvm/gems/ruby-2.6.3/gems/factory_bot-6.1.0/lib/factory_bot/evaluation.rb:13:in `object'[0m
      [36m# /home/ec2-user/.rvm/gems/ruby-2.6.3/gems/factory_bot-6.1.0/lib/factory_bot/strategy/create.rb:9:in `result'[0m
      [36m# /home/ec2-user/.rvm/gems/ruby-2.6.3/gems/factory_bot-6.1.0/lib/factory_bot/factory.rb:43:in `run'[0m
      [36m# /home/ec2-user/.rvm/gems/ruby-2.6.3/gems/factory_bot-6.1.0/lib/factory_bot/factory_runner.rb:29:in `block in run'[0m
      [36m# /home/ec2-user/.rvm/gems/ruby-2.6.3/gems/factory_bot-6.1.0/lib/factory_bot/factory_runner.rb:28:in `run'[0m
      [36m# /home/ec2-user/.rvm/gems/ruby-2.6.3/gems/factory_bot-6.1.0/lib/factory_bot/strategy_syntax_method_registrar.rb:28:in `block in define_singular_strategy_method'[0m
      [36m# ./spec/system/main_spec.rb:5:in `block (2 levels) in <main>'[0m

  42) ユーザーのテスト サイドバーのテスト 表示の確認 User infoと表示される
      [31mFailure/Error: let!(:book) { create(:book, user: user) }[0m
      [31m[0m
      [31mNoMethodError:[0m
      [31m  undefined method `each' for #<User:0x0000000009891c60>[0m
      [31m[0m
      [31m[0m
      [31m[0m
      [36m# /home/ec2-user/.rvm/gems/ruby-2.6.3/gems/factory_bot-6.1.0/lib/factory_bot/attribute_assigner.rb:16:in `public_send'[0m
      [36m# /home/ec2-user/.rvm/gems/ruby-2.6.3/gems/factory_bot-6.1.0/lib/factory_bot/attribute_assigner.rb:16:in `block (2 levels) in object'[0m
      [36m# /home/ec2-user/.rvm/gems/ruby-2.6.3/gems/factory_bot-6.1.0/lib/factory_bot/attribute_assigner.rb:15:in `each'[0m
      [36m# /home/ec2-user/.rvm/gems/ruby-2.6.3/gems/factory_bot-6.1.0/lib/factory_bot/attribute_assigner.rb:15:in `block in object'[0m
      [36m# /home/ec2-user/.rvm/gems/ruby-2.6.3/gems/factory_bot-6.1.0/lib/factory_bot/attribute_assigner.rb:14:in `tap'[0m
      [36m# /home/ec2-user/.rvm/gems/ruby-2.6.3/gems/factory_bot-6.1.0/lib/factory_bot/attribute_assigner.rb:14:in `object'[0m
      [36m# /home/ec2-user/.rvm/gems/ruby-2.6.3/gems/factory_bot-6.1.0/lib/factory_bot/evaluation.rb:13:in `object'[0m
      [36m# /home/ec2-user/.rvm/gems/ruby-2.6.3/gems/factory_bot-6.1.0/lib/factory_bot/strategy/create.rb:9:in `result'[0m
      [36m# /home/ec2-user/.rvm/gems/ruby-2.6.3/gems/factory_bot-6.1.0/lib/factory_bot/factory.rb:43:in `run'[0m
      [36m# /home/ec2-user/.rvm/gems/ruby-2.6.3/gems/factory_bot-6.1.0/lib/factory_bot/factory_runner.rb:29:in `block in run'[0m
      [36m# /home/ec2-user/.rvm/gems/ruby-2.6.3/gems/factory_bot-6.1.0/lib/factory_bot/factory_runner.rb:28:in `run'[0m
      [36m# /home/ec2-user/.rvm/gems/ruby-2.6.3/gems/factory_bot-6.1.0/lib/factory_bot/strategy_syntax_method_registrar.rb:28:in `block in define_singular_strategy_method'[0m
      [36m# ./spec/system/users_spec.rb:58:in `block (2 levels) in <main>'[0m

  43) ユーザーのテスト サイドバーのテスト 表示の確認 画像が表示される
      [31mFailure/Error: let!(:book) { create(:book, user: user) }[0m
      [31m[0m
      [31mNoMethodError:[0m
      [31m  undefined method `each' for #<User:0x00000000098c4548>[0m
      [31m[0m
      [31m[0m
      [31m[0m
      [36m# /home/ec2-user/.rvm/gems/ruby-2.6.3/gems/factory_bot-6.1.0/lib/factory_bot/attribute_assigner.rb:16:in `public_send'[0m
      [36m# /home/ec2-user/.rvm/gems/ruby-2.6.3/gems/factory_bot-6.1.0/lib/factory_bot/attribute_assigner.rb:16:in `block (2 levels) in object'[0m
      [36m# /home/ec2-user/.rvm/gems/ruby-2.6.3/gems/factory_bot-6.1.0/lib/factory_bot/attribute_assigner.rb:15:in `each'[0m
      [36m# /home/ec2-user/.rvm/gems/ruby-2.6.3/gems/factory_bot-6.1.0/lib/factory_bot/attribute_assigner.rb:15:in `block in object'[0m
      [36m# /home/ec2-user/.rvm/gems/ruby-2.6.3/gems/factory_bot-6.1.0/lib/factory_bot/attribute_assigner.rb:14:in `tap'[0m
      [36m# /home/ec2-user/.rvm/gems/ruby-2.6.3/gems/factory_bot-6.1.0/lib/factory_bot/attribute_assigner.rb:14:in `object'[0m
      [36m# /home/ec2-user/.rvm/gems/ruby-2.6.3/gems/factory_bot-6.1.0/lib/factory_bot/evaluation.rb:13:in `object'[0m
      [36m# /home/ec2-user/.rvm/gems/ruby-2.6.3/gems/factory_bot-6.1.0/lib/factory_bot/strategy/create.rb:9:in `result'[0m
      [36m# /home/ec2-user/.rvm/gems/ruby-2.6.3/gems/factory_bot-6.1.0/lib/factory_bot/factory.rb:43:in `run'[0m
      [36m# /home/ec2-user/.rvm/gems/ruby-2.6.3/gems/factory_bot-6.1.0/lib/factory_bot/factory_runner.rb:29:in `block in run'[0m
      [36m# /home/ec2-user/.rvm/gems/ruby-2.6.3/gems/factory_bot-6.1.0/lib/factory_bot/factory_runner.rb:28:in `run'[0m
      [36m# /home/ec2-user/.rvm/gems/ruby-2.6.3/gems/factory_bot-6.1.0/lib/factory_bot/strategy_syntax_method_registrar.rb:28:in `block in define_singular_strategy_method'[0m
      [36m# ./spec/system/users_spec.rb:58:in `block (2 levels) in <main>'[0m

  44) ユーザーのテスト サイドバーのテスト 表示の確認 名前が表示される
      [31mFailure/Error: let!(:book) { create(:book, user: user) }[0m
      [31m[0m
      [31mNoMethodError:[0m
      [31m  undefined method `each' for #<User:0x0000000009906c18>[0m
      [31m[0m
      [31m[0m
      [31m[0m
      [36m# /home/ec2-user/.rvm/gems/ruby-2.6.3/gems/factory_bot-6.1.0/lib/factory_bot/attribute_assigner.rb:16:in `public_send'[0m
      [36m# /home/ec2-user/.rvm/gems/ruby-2.6.3/gems/factory_bot-6.1.0/lib/factory_bot/attribute_assigner.rb:16:in `block (2 levels) in object'[0m
      [36m# /home/ec2-user/.rvm/gems/ruby-2.6.3/gems/factory_bot-6.1.0/lib/factory_bot/attribute_assigner.rb:15:in `each'[0m
      [36m# /home/ec2-user/.rvm/gems/ruby-2.6.3/gems/factory_bot-6.1.0/lib/factory_bot/attribute_assigner.rb:15:in `block in object'[0m
      [36m# /home/ec2-user/.rvm/gems/ruby-2.6.3/gems/factory_bot-6.1.0/lib/factory_bot/attribute_assigner.rb:14:in `tap'[0m
      [36m# /home/ec2-user/.rvm/gems/ruby-2.6.3/gems/factory_bot-6.1.0/lib/factory_bot/attribute_assigner.rb:14:in `object'[0m
      [36m# /home/ec2-user/.rvm/gems/ruby-2.6.3/gems/factory_bot-6.1.0/lib/factory_bot/evaluation.rb:13:in `object'[0m
      [36m# /home/ec2-user/.rvm/gems/ruby-2.6.3/gems/factory_bot-6.1.0/lib/factory_bot/strategy/create.rb:9:in `result'[0m
      [36m# /home/ec2-user/.rvm/gems/ruby-2.6.3/gems/factory_bot-6.1.0/lib/factory_bot/factory.rb:43:in `run'[0m
      [36m# /home/ec2-user/.rvm/gems/ruby-2.6.3/gems/factory_bot-6.1.0/lib/factory_bot/factory_runner.rb:29:in `block in run'[0m
      [36m# /home/ec2-user/.rvm/gems/ruby-2.6.3/gems/factory_bot-6.1.0/lib/factory_bot/factory_runner.rb:28:in `run'[0m
      [36m# /home/ec2-user/.rvm/gems/ruby-2.6.3/gems/factory_bot-6.1.0/lib/factory_bot/strategy_syntax_method_registrar.rb:28:in `block in define_singular_strategy_method'[0m
      [36m# ./spec/system/users_spec.rb:58:in `block (2 levels) in <main>'[0m

  45) ユーザーのテスト サイドバーのテスト 表示の確認 自己紹介が表示される
      [31mFailure/Error: let!(:book) { create(:book, user: user) }[0m
      [31m[0m
      [31mNoMethodError:[0m
      [31m  undefined method `each' for #<User:0x0000000009939398>[0m
      [31m[0m
      [31m[0m
      [31m[0m
      [36m# /home/ec2-user/.rvm/gems/ruby-2.6.3/gems/factory_bot-6.1.0/lib/factory_bot/attribute_assigner.rb:16:in `public_send'[0m
      [36m# /home/ec2-user/.rvm/gems/ruby-2.6.3/gems/factory_bot-6.1.0/lib/factory_bot/attribute_assigner.rb:16:in `block (2 levels) in object'[0m
      [36m# /home/ec2-user/.rvm/gems/ruby-2.6.3/gems/factory_bot-6.1.0/lib/factory_bot/attribute_assigner.rb:15:in `each'[0m
      [36m# /home/ec2-user/.rvm/gems/ruby-2.6.3/gems/factory_bot-6.1.0/lib/factory_bot/attribute_assigner.rb:15:in `block in object'[0m
      [36m# /home/ec2-user/.rvm/gems/ruby-2.6.3/gems/factory_bot-6.1.0/lib/factory_bot/attribute_assigner.rb:14:in `tap'[0m
      [36m# /home/ec2-user/.rvm/gems/ruby-2.6.3/gems/factory_bot-6.1.0/lib/factory_bot/attribute_assigner.rb:14:in `object'[0m
      [36m# /home/ec2-user/.rvm/gems/ruby-2.6.3/gems/factory_bot-6.1.0/lib/factory_bot/evaluation.rb:13:in `object'[0m
      [36m# /home/ec2-user/.rvm/gems/ruby-2.6.3/gems/factory_bot-6.1.0/lib/factory_bot/strategy/create.rb:9:in `result'[0m
      [36m# /home/ec2-user/.rvm/gems/ruby-2.6.3/gems/factory_bot-6.1.0/lib/factory_bot/factory.rb:43:in `run'[0m
      [36m# /home/ec2-user/.rvm/gems/ruby-2.6.3/gems/factory_bot-6.1.0/lib/factory_bot/factory_runner.rb:29:in `block in run'[0m
      [36m# /home/ec2-user/.rvm/gems/ruby-2.6.3/gems/factory_bot-6.1.0/lib/factory_bot/factory_runner.rb:28:in `run'[0m
      [36m# /home/ec2-user/.rvm/gems/ruby-2.6.3/gems/factory_bot-6.1.0/lib/factory_bot/strategy_syntax_method_registrar.rb:28:in `block in define_singular_strategy_method'[0m
      [36m# ./spec/system/users_spec.rb:58:in `block (2 levels) in <main>'[0m

  46) ユーザーのテスト サイドバーのテスト 表示の確認 編集リンクが表示される
      [31mFailure/Error: let!(:book) { create(:book, user: user) }[0m
      [31m[0m
      [31mNoMethodError:[0m
      [31m  undefined method `each' for #<User:0x0000000009970168>[0m
      [31m[0m
      [31m[0m
      [31m[0m
      [36m# /home/ec2-user/.rvm/gems/ruby-2.6.3/gems/factory_bot-6.1.0/lib/factory_bot/attribute_assigner.rb:16:in `public_send'[0m
      [36m# /home/ec2-user/.rvm/gems/ruby-2.6.3/gems/factory_bot-6.1.0/lib/factory_bot/attribute_assigner.rb:16:in `block (2 levels) in object'[0m
      [36m# /home/ec2-user/.rvm/gems/ruby-2.6.3/gems/factory_bot-6.1.0/lib/factory_bot/attribute_assigner.rb:15:in `each'[0m
      [36m# /home/ec2-user/.rvm/gems/ruby-2.6.3/gems/factory_bot-6.1.0/lib/factory_bot/attribute_assigner.rb:15:in `block in object'[0m
      [36m# /home/ec2-user/.rvm/gems/ruby-2.6.3/gems/factory_bot-6.1.0/lib/factory_bot/attribute_assigner.rb:14:in `tap'[0m
      [36m# /home/ec2-user/.rvm/gems/ruby-2.6.3/gems/factory_bot-6.1.0/lib/factory_bot/attribute_assigner.rb:14:in `object'[0m
      [36m# /home/ec2-user/.rvm/gems/ruby-2.6.3/gems/factory_bot-6.1.0/lib/factory_bot/evaluation.rb:13:in `object'[0m
      [36m# /home/ec2-user/.rvm/gems/ruby-2.6.3/gems/factory_bot-6.1.0/lib/factory_bot/strategy/create.rb:9:in `result'[0m
      [36m# /home/ec2-user/.rvm/gems/ruby-2.6.3/gems/factory_bot-6.1.0/lib/factory_bot/factory.rb:43:in `run'[0m
      [36m# /home/ec2-user/.rvm/gems/ruby-2.6.3/gems/factory_bot-6.1.0/lib/factory_bot/factory_runner.rb:29:in `block in run'[0m
      [36m# /home/ec2-user/.rvm/gems/ruby-2.6.3/gems/factory_bot-6.1.0/lib/factory_bot/factory_runner.rb:28:in `run'[0m
      [36m# /home/ec2-user/.rvm/gems/ruby-2.6.3/gems/factory_bot-6.1.0/lib/factory_bot/strategy_syntax_method_registrar.rb:28:in `block in define_singular_strategy_method'[0m
      [36m# ./spec/system/users_spec.rb:58:in `block (2 levels) in <main>'[0m

  47) ユーザーのテスト 編集のテスト 自分の編集画面への遷移 遷移できる
      [31mFailure/Error: let!(:book) { create(:book, user: user) }[0m
      [31m[0m
      [31mNoMethodError:[0m
      [31m  undefined method `each' for #<User:0x00000000099acff0>[0m
      [31m[0m
      [31m[0m
      [31m[0m
      [36m# /home/ec2-user/.rvm/gems/ruby-2.6.3/gems/factory_bot-6.1.0/lib/factory_bot/attribute_assigner.rb:16:in `public_send'[0m
      [36m# /home/ec2-user/.rvm/gems/ruby-2.6.3/gems/factory_bot-6.1.0/lib/factory_bot/attribute_assigner.rb:16:in `block (2 levels) in object'[0m
      [36m# /home/ec2-user/.rvm/gems/ruby-2.6.3/gems/factory_bot-6.1.0/lib/factory_bot/attribute_assigner.rb:15:in `each'[0m
      [36m# /home/ec2-user/.rvm/gems/ruby-2.6.3/gems/factory_bot-6.1.0/lib/factory_bot/attribute_assigner.rb:15:in `block in object'[0m
      [36m# /home/ec2-user/.rvm/gems/ruby-2.6.3/gems/factory_bot-6.1.0/lib/factory_bot/attribute_assigner.rb:14:in `tap'[0m
      [36m# /home/ec2-user/.rvm/gems/ruby-2.6.3/gems/factory_bot-6.1.0/lib/factory_bot/attribute_assigner.rb:14:in `object'[0m
      [36m# /home/ec2-user/.rvm/gems/ruby-2.6.3/gems/factory_bot-6.1.0/lib/factory_bot/evaluation.rb:13:in `object'[0m
      [36m# /home/ec2-user/.rvm/gems/ruby-2.6.3/gems/factory_bot-6.1.0/lib/factory_bot/strategy/create.rb:9:in `result'[0m
      [36m# /home/ec2-user/.rvm/gems/ruby-2.6.3/gems/factory_bot-6.1.0/lib/factory_bot/factory.rb:43:in `run'[0m
      [36m# /home/ec2-user/.rvm/gems/ruby-2.6.3/gems/factory_bot-6.1.0/lib/factory_bot/factory_runner.rb:29:in `block in run'[0m
      [36m# /home/ec2-user/.rvm/gems/ruby-2.6.3/gems/factory_bot-6.1.0/lib/factory_bot/factory_runner.rb:28:in `run'[0m
      [36m# /home/ec2-user/.rvm/gems/ruby-2.6.3/gems/factory_bot-6.1.0/lib/factory_bot/strategy_syntax_method_registrar.rb:28:in `block in define_singular_strategy_method'[0m
      [36m# ./spec/system/users_spec.rb:58:in `block (2 levels) in <main>'[0m

  48) ユーザーのテスト 編集のテスト 他人の編集画面への遷移 遷移できない
      [31mFailure/Error: let!(:book) { create(:book, user: user) }[0m
      [31m[0m
      [31mNoMethodError:[0m
      [31m  undefined method `each' for #<User:0x00000000099eaff8>[0m
      [31m[0m
      [31m[0m
      [31m[0m
      [36m# /home/ec2-user/.rvm/gems/ruby-2.6.3/gems/factory_bot-6.1.0/lib/factory_bot/attribute_assigner.rb:16:in `public_send'[0m
      [36m# /home/ec2-user/.rvm/gems/ruby-2.6.3/gems/factory_bot-6.1.0/lib/factory_bot/attribute_assigner.rb:16:in `block (2 levels) in object'[0m
      [36m# /home/ec2-user/.rvm/gems/ruby-2.6.3/gems/factory_bot-6.1.0/lib/factory_bot/attribute_assigner.rb:15:in `each'[0m
      [36m# /home/ec2-user/.rvm/gems/ruby-2.6.3/gems/factory_bot-6.1.0/lib/factory_bot/attribute_assigner.rb:15:in `block in object'[0m
      [36m# /home/ec2-user/.rvm/gems/ruby-2.6.3/gems/factory_bot-6.1.0/lib/factory_bot/attribute_assigner.rb:14:in `tap'[0m
      [36m# /home/ec2-user/.rvm/gems/ruby-2.6.3/gems/factory_bot-6.1.0/lib/factory_bot/attribute_assigner.rb:14:in `object'[0m
      [36m# /home/ec2-user/.rvm/gems/ruby-2.6.3/gems/factory_bot-6.1.0/lib/factory_bot/evaluation.rb:13:in `object'[0m
      [36m# /home/ec2-user/.rvm/gems/ruby-2.6.3/gems/factory_bot-6.1.0/lib/factory_bot/strategy/create.rb:9:in `result'[0m
      [36m# /home/ec2-user/.rvm/gems/ruby-2.6.3/gems/factory_bot-6.1.0/lib/factory_bot/factory.rb:43:in `run'[0m
      [36m# /home/ec2-user/.rvm/gems/ruby-2.6.3/gems/factory_bot-6.1.0/lib/factory_bot/factory_runner.rb:29:in `block in run'[0m
      [36m# /home/ec2-user/.rvm/gems/ruby-2.6.3/gems/factory_bot-6.1.0/lib/factory_bot/factory_runner.rb:28:in `run'[0m
      [36m# /home/ec2-user/.rvm/gems/ruby-2.6.3/gems/factory_bot-6.1.0/lib/factory_bot/strategy_syntax_method_registrar.rb:28:in `block in define_singular_strategy_method'[0m
      [36m# ./spec/system/users_spec.rb:58:in `block (2 levels) in <main>'[0m

  49) ユーザーのテスト 編集のテスト 表示の確認 User infoと表示される
      [31mFailure/Error: let!(:book) { create(:book, user: user) }[0m
      [31m[0m
      [31mNoMethodError:[0m
      [31m  undefined method `each' for #<User:0x0000000009a1d138>[0m
      [31m[0m
      [31m[0m
      [31m[0m
      [36m# /home/ec2-user/.rvm/gems/ruby-2.6.3/gems/factory_bot-6.1.0/lib/factory_bot/attribute_assigner.rb:16:in `public_send'[0m
      [36m# /home/ec2-user/.rvm/gems/ruby-2.6.3/gems/factory_bot-6.1.0/lib/factory_bot/attribute_assigner.rb:16:in `block (2 levels) in object'[0m
      [36m# /home/ec2-user/.rvm/gems/ruby-2.6.3/gems/factory_bot-6.1.0/lib/factory_bot/attribute_assigner.rb:15:in `each'[0m
      [36m# /home/ec2-user/.rvm/gems/ruby-2.6.3/gems/factory_bot-6.1.0/lib/factory_bot/attribute_assigner.rb:15:in `block in object'[0m
      [36m# /home/ec2-user/.rvm/gems/ruby-2.6.3/gems/factory_bot-6.1.0/lib/factory_bot/attribute_assigner.rb:14:in `tap'[0m
      [36m# /home/ec2-user/.rvm/gems/ruby-2.6.3/gems/factory_bot-6.1.0/lib/factory_bot/attribute_assigner.rb:14:in `object'[0m
      [36m# /home/ec2-user/.rvm/gems/ruby-2.6.3/gems/factory_bot-6.1.0/lib/factory_bot/evaluation.rb:13:in `object'[0m
      [36m# /home/ec2-user/.rvm/gems/ruby-2.6.3/gems/factory_bot-6.1.0/lib/factory_bot/strategy/create.rb:9:in `result'[0m
      [36m# /home/ec2-user/.rvm/gems/ruby-2.6.3/gems/factory_bot-6.1.0/lib/factory_bot/factory.rb:43:in `run'[0m
      [36m# /home/ec2-user/.rvm/gems/ruby-2.6.3/gems/factory_bot-6.1.0/lib/factory_bot/factory_runner.rb:29:in `block in run'[0m
      [36m# /home/ec2-user/.rvm/gems/ruby-2.6.3/gems/factory_bot-6.1.0/lib/factory_bot/factory_runner.rb:28:in `run'[0m
      [36m# /home/ec2-user/.rvm/gems/ruby-2.6.3/gems/factory_bot-6.1.0/lib/factory_bot/strategy_syntax_method_registrar.rb:28:in `block in define_singular_strategy_method'[0m
      [36m# ./spec/system/users_spec.rb:58:in `block (2 levels) in <main>'[0m

  50) ユーザーのテスト 編集のテスト 表示の確認 名前編集フォームに自分の名前が表示される
      [31mFailure/Error: let!(:book) { create(:book, user: user) }[0m
      [31m[0m
      [31mNoMethodError:[0m
      [31m  undefined method `each' for #<User:0x0000000009a5fec0>[0m
      [31m[0m
      [31m[0m
      [31m[0m
      [36m# /home/ec2-user/.rvm/gems/ruby-2.6.3/gems/factory_bot-6.1.0/lib/factory_bot/attribute_assigner.rb:16:in `public_send'[0m
      [36m# /home/ec2-user/.rvm/gems/ruby-2.6.3/gems/factory_bot-6.1.0/lib/factory_bot/attribute_assigner.rb:16:in `block (2 levels) in object'[0m
      [36m# /home/ec2-user/.rvm/gems/ruby-2.6.3/gems/factory_bot-6.1.0/lib/factory_bot/attribute_assigner.rb:15:in `each'[0m
      [36m# /home/ec2-user/.rvm/gems/ruby-2.6.3/gems/factory_bot-6.1.0/lib/factory_bot/attribute_assigner.rb:15:in `block in object'[0m
      [36m# /home/ec2-user/.rvm/gems/ruby-2.6.3/gems/factory_bot-6.1.0/lib/factory_bot/attribute_assigner.rb:14:in `tap'[0m
      [36m# /home/ec2-user/.rvm/gems/ruby-2.6.3/gems/factory_bot-6.1.0/lib/factory_bot/attribute_assigner.rb:14:in `object'[0m
      [36m# /home/ec2-user/.rvm/gems/ruby-2.6.3/gems/factory_bot-6.1.0/lib/factory_bot/evaluation.rb:13:in `object'[0m
      [36m# /home/ec2-user/.rvm/gems/ruby-2.6.3/gems/factory_bot-6.1.0/lib/factory_bot/strategy/create.rb:9:in `result'[0m
      [36m# /home/ec2-user/.rvm/gems/ruby-2.6.3/gems/factory_bot-6.1.0/lib/factory_bot/factory.rb:43:in `run'[0m
      [36m# /home/ec2-user/.rvm/gems/ruby-2.6.3/gems/factory_bot-6.1.0/lib/factory_bot/factory_runner.rb:29:in `block in run'[0m
      [36m# /home/ec2-user/.rvm/gems/ruby-2.6.3/gems/factory_bot-6.1.0/lib/factory_bot/factory_runner.rb:28:in `run'[0m
      [36m# /home/ec2-user/.rvm/gems/ruby-2.6.3/gems/factory_bot-6.1.0/lib/factory_bot/strategy_syntax_method_registrar.rb:28:in `block in define_singular_strategy_method'[0m
      [36m# ./spec/system/users_spec.rb:58:in `block (2 levels) in <main>'[0m

  51) ユーザーのテスト 編集のテスト 表示の確認 画像編集フォームが表示される
      [31mFailure/Error: let!(:book) { create(:book, user: user) }[0m
      [31m[0m
      [31mNoMethodError:[0m
      [31m  undefined method `each' for #<User:0x0000000009a968d0>[0m
      [31m[0m
      [31m[0m
      [31m[0m
      [36m# /home/ec2-user/.rvm/gems/ruby-2.6.3/gems/factory_bot-6.1.0/lib/factory_bot/attribute_assigner.rb:16:in `public_send'[0m
      [36m# /home/ec2-user/.rvm/gems/ruby-2.6.3/gems/factory_bot-6.1.0/lib/factory_bot/attribute_assigner.rb:16:in `block (2 levels) in object'[0m
      [36m# /home/ec2-user/.rvm/gems/ruby-2.6.3/gems/factory_bot-6.1.0/lib/factory_bot/attribute_assigner.rb:15:in `each'[0m
      [36m# /home/ec2-user/.rvm/gems/ruby-2.6.3/gems/factory_bot-6.1.0/lib/factory_bot/attribute_assigner.rb:15:in `block in object'[0m
      [36m# /home/ec2-user/.rvm/gems/ruby-2.6.3/gems/factory_bot-6.1.0/lib/factory_bot/attribute_assigner.rb:14:in `tap'[0m
      [36m# /home/ec2-user/.rvm/gems/ruby-2.6.3/gems/factory_bot-6.1.0/lib/factory_bot/attribute_assigner.rb:14:in `object'[0m
      [36m# /home/ec2-user/.rvm/gems/ruby-2.6.3/gems/factory_bot-6.1.0/lib/factory_bot/evaluation.rb:13:in `object'[0m
      [36m# /home/ec2-user/.rvm/gems/ruby-2.6.3/gems/factory_bot-6.1.0/lib/factory_bot/strategy/create.rb:9:in `result'[0m
      [36m# /home/ec2-user/.rvm/gems/ruby-2.6.3/gems/factory_bot-6.1.0/lib/factory_bot/factory.rb:43:in `run'[0m
      [36m# /home/ec2-user/.rvm/gems/ruby-2.6.3/gems/factory_bot-6.1.0/lib/factory_bot/factory_runner.rb:29:in `block in run'[0m
      [36m# /home/ec2-user/.rvm/gems/ruby-2.6.3/gems/factory_bot-6.1.0/lib/factory_bot/factory_runner.rb:28:in `run'[0m
      [36m# /home/ec2-user/.rvm/gems/ruby-2.6.3/gems/factory_bot-6.1.0/lib/factory_bot/strategy_syntax_method_registrar.rb:28:in `block in define_singular_strategy_method'[0m
      [36m# ./spec/system/users_spec.rb:58:in `block (2 levels) in <main>'[0m

  52) ユーザーのテスト 編集のテスト 表示の確認 自己紹介編集フォームに自分の自己紹介が表示される
      [31mFailure/Error: let!(:book) { create(:book, user: user) }[0m
      [31m[0m
      [31mNoMethodError:[0m
      [31m  undefined method `each' for #<User:0x0000000009ac8c68>[0m
      [31m[0m
      [31m[0m
      [31m[0m
      [36m# /home/ec2-user/.rvm/gems/ruby-2.6.3/gems/factory_bot-6.1.0/lib/factory_bot/attribute_assigner.rb:16:in `public_send'[0m
      [36m# /home/ec2-user/.rvm/gems/ruby-2.6.3/gems/factory_bot-6.1.0/lib/factory_bot/attribute_assigner.rb:16:in `block (2 levels) in object'[0m
      [36m# /home/ec2-user/.rvm/gems/ruby-2.6.3/gems/factory_bot-6.1.0/lib/factory_bot/attribute_assigner.rb:15:in `each'[0m
      [36m# /home/ec2-user/.rvm/gems/ruby-2.6.3/gems/factory_bot-6.1.0/lib/factory_bot/attribute_assigner.rb:15:in `block in object'[0m
      [36m# /home/ec2-user/.rvm/gems/ruby-2.6.3/gems/factory_bot-6.1.0/lib/factory_bot/attribute_assigner.rb:14:in `tap'[0m
      [36m# /home/ec2-user/.rvm/gems/ruby-2.6.3/gems/factory_bot-6.1.0/lib/factory_bot/attribute_assigner.rb:14:in `object'[0m
      [36m# /home/ec2-user/.rvm/gems/ruby-2.6.3/gems/factory_bot-6.1.0/lib/factory_bot/evaluation.rb:13:in `object'[0m
      [36m# /home/ec2-user/.rvm/gems/ruby-2.6.3/gems/factory_bot-6.1.0/lib/factory_bot/strategy/create.rb:9:in `result'[0m
      [36m# /home/ec2-user/.rvm/gems/ruby-2.6.3/gems/factory_bot-6.1.0/lib/factory_bot/factory.rb:43:in `run'[0m
      [36m# /home/ec2-user/.rvm/gems/ruby-2.6.3/gems/factory_bot-6.1.0/lib/factory_bot/factory_runner.rb:29:in `block in run'[0m
      [36m# /home/ec2-user/.rvm/gems/ruby-2.6.3/gems/factory_bot-6.1.0/lib/factory_bot/factory_runner.rb:28:in `run'[0m
      [36m# /home/ec2-user/.rvm/gems/ruby-2.6.3/gems/factory_bot-6.1.0/lib/factory_bot/strategy_syntax_method_registrar.rb:28:in `block in define_singular_strategy_method'[0m
      [36m# ./spec/system/users_spec.rb:58:in `block (2 levels) in <main>'[0m

  53) ユーザーのテスト 編集のテスト 表示の確認 編集に成功する
      [31mFailure/Error: let!(:book) { create(:book, user: user) }[0m
      [31m[0m
      [31mNoMethodError:[0m
      [31m  undefined method `each' for #<User:0x0000000009b075a8>[0m
      [31m[0m
      [31m[0m
      [31m[0m
      [36m# /home/ec2-user/.rvm/gems/ruby-2.6.3/gems/factory_bot-6.1.0/lib/factory_bot/attribute_assigner.rb:16:in `public_send'[0m
      [36m# /home/ec2-user/.rvm/gems/ruby-2.6.3/gems/factory_bot-6.1.0/lib/factory_bot/attribute_assigner.rb:16:in `block (2 levels) in object'[0m
      [36m# /home/ec2-user/.rvm/gems/ruby-2.6.3/gems/factory_bot-6.1.0/lib/factory_bot/attribute_assigner.rb:15:in `each'[0m
      [36m# /home/ec2-user/.rvm/gems/ruby-2.6.3/gems/factory_bot-6.1.0/lib/factory_bot/attribute_assigner.rb:15:in `block in object'[0m
      [36m# /home/ec2-user/.rvm/gems/ruby-2.6.3/gems/factory_bot-6.1.0/lib/factory_bot/attribute_assigner.rb:14:in `tap'[0m
      [36m# /home/ec2-user/.rvm/gems/ruby-2.6.3/gems/factory_bot-6.1.0/lib/factory_bot/attribute_assigner.rb:14:in `object'[0m
      [36m# /home/ec2-user/.rvm/gems/ruby-2.6.3/gems/factory_bot-6.1.0/lib/factory_bot/evaluation.rb:13:in `object'[0m
      [36m# /home/ec2-user/.rvm/gems/ruby-2.6.3/gems/factory_bot-6.1.0/lib/factory_bot/strategy/create.rb:9:in `result'[0m
      [36m# /home/ec2-user/.rvm/gems/ruby-2.6.3/gems/factory_bot-6.1.0/lib/factory_bot/factory.rb:43:in `run'[0m
      [36m# /home/ec2-user/.rvm/gems/ruby-2.6.3/gems/factory_bot-6.1.0/lib/factory_bot/factory_runner.rb:29:in `block in run'[0m
      [36m# /home/ec2-user/.rvm/gems/ruby-2.6.3/gems/factory_bot-6.1.0/lib/factory_bot/factory_runner.rb:28:in `run'[0m
      [36m# /home/ec2-user/.rvm/gems/ruby-2.6.3/gems/factory_bot-6.1.0/lib/factory_bot/strategy_syntax_method_registrar.rb:28:in `block in define_singular_strategy_method'[0m
      [36m# ./spec/system/users_spec.rb:58:in `block (2 levels) in <main>'[0m

  54) ユーザーのテスト 編集のテスト 表示の確認 編集に失敗する
      [31mFailure/Error: let!(:book) { create(:book, user: user) }[0m
      [31m[0m
      [31mNoMethodError:[0m
      [31m  undefined method `each' for #<User:0x0000000009b3dd10>[0m
      [31m[0m
      [31m[0m
      [31m[0m
      [36m# /home/ec2-user/.rvm/gems/ruby-2.6.3/gems/factory_bot-6.1.0/lib/factory_bot/attribute_assigner.rb:16:in `public_send'[0m
      [36m# /home/ec2-user/.rvm/gems/ruby-2.6.3/gems/factory_bot-6.1.0/lib/factory_bot/attribute_assigner.rb:16:in `block (2 levels) in object'[0m
      [36m# /home/ec2-user/.rvm/gems/ruby-2.6.3/gems/factory_bot-6.1.0/lib/factory_bot/attribute_assigner.rb:15:in `each'[0m
      [36m# /home/ec2-user/.rvm/gems/ruby-2.6.3/gems/factory_bot-6.1.0/lib/factory_bot/attribute_assigner.rb:15:in `block in object'[0m
      [36m# /home/ec2-user/.rvm/gems/ruby-2.6.3/gems/factory_bot-6.1.0/lib/factory_bot/attribute_assigner.rb:14:in `tap'[0m
      [36m# /home/ec2-user/.rvm/gems/ruby-2.6.3/gems/factory_bot-6.1.0/lib/factory_bot/attribute_assigner.rb:14:in `object'[0m
      [36m# /home/ec2-user/.rvm/gems/ruby-2.6.3/gems/factory_bot-6.1.0/lib/factory_bot/evaluation.rb:13:in `object'[0m
      [36m# /home/ec2-user/.rvm/gems/ruby-2.6.3/gems/factory_bot-6.1.0/lib/factory_bot/strategy/create.rb:9:in `result'[0m
      [36m# /home/ec2-user/.rvm/gems/ruby-2.6.3/gems/factory_bot-6.1.0/lib/factory_bot/factory.rb:43:in `run'[0m
      [36m# /home/ec2-user/.rvm/gems/ruby-2.6.3/gems/factory_bot-6.1.0/lib/factory_bot/factory_runner.rb:29:in `block in run'[0m
      [36m# /home/ec2-user/.rvm/gems/ruby-2.6.3/gems/factory_bot-6.1.0/lib/factory_bot/factory_runner.rb:28:in `run'[0m
      [36m# /home/ec2-user/.rvm/gems/ruby-2.6.3/gems/factory_bot-6.1.0/lib/factory_bot/strategy_syntax_method_registrar.rb:28:in `block in define_singular_strategy_method'[0m
      [36m# ./spec/system/users_spec.rb:58:in `block (2 levels) in <main>'[0m

  55) ユーザーのテスト 一覧画面のテスト 表示の確認 Usersと表示される
      [31mFailure/Error: let!(:book) { create(:book, user: user) }[0m
      [31m[0m
      [31mNoMethodError:[0m
      [31m  undefined method `each' for #<User:0x0000000009b79d38>[0m
      [31m[0m
      [31m[0m
      [31m[0m
      [36m# /home/ec2-user/.rvm/gems/ruby-2.6.3/gems/factory_bot-6.1.0/lib/factory_bot/attribute_assigner.rb:16:in `public_send'[0m
      [36m# /home/ec2-user/.rvm/gems/ruby-2.6.3/gems/factory_bot-6.1.0/lib/factory_bot/attribute_assigner.rb:16:in `block (2 levels) in object'[0m
      [36m# /home/ec2-user/.rvm/gems/ruby-2.6.3/gems/factory_bot-6.1.0/lib/factory_bot/attribute_assigner.rb:15:in `each'[0m
      [36m# /home/ec2-user/.rvm/gems/ruby-2.6.3/gems/factory_bot-6.1.0/lib/factory_bot/attribute_assigner.rb:15:in `block in object'[0m
      [36m# /home/ec2-user/.rvm/gems/ruby-2.6.3/gems/factory_bot-6.1.0/lib/factory_bot/attribute_assigner.rb:14:in `tap'[0m
      [36m# /home/ec2-user/.rvm/gems/ruby-2.6.3/gems/factory_bot-6.1.0/lib/factory_bot/attribute_assigner.rb:14:in `object'[0m
      [36m# /home/ec2-user/.rvm/gems/ruby-2.6.3/gems/factory_bot-6.1.0/lib/factory_bot/evaluation.rb:13:in `object'[0m
      [36m# /home/ec2-user/.rvm/gems/ruby-2.6.3/gems/factory_bot-6.1.0/lib/factory_bot/strategy/create.rb:9:in `result'[0m
      [36m# /home/ec2-user/.rvm/gems/ruby-2.6.3/gems/factory_bot-6.1.0/lib/factory_bot/factory.rb:43:in `run'[0m
      [36m# /home/ec2-user/.rvm/gems/ruby-2.6.3/gems/factory_bot-6.1.0/lib/factory_bot/factory_runner.rb:29:in `block in run'[0m
      [36m# /home/ec2-user/.rvm/gems/ruby-2.6.3/gems/factory_bot-6.1.0/lib/factory_bot/factory_runner.rb:28:in `run'[0m
      [36m# /home/ec2-user/.rvm/gems/ruby-2.6.3/gems/factory_bot-6.1.0/lib/factory_bot/strategy_syntax_method_registrar.rb:28:in `block in define_singular_strategy_method'[0m
      [36m# ./spec/system/users_spec.rb:58:in `block (2 levels) in <main>'[0m

  56) ユーザーのテスト 一覧画面のテスト 表示の確認 自分と他の人の画像が表示される
      [31mFailure/Error: let!(:book) { create(:book, user: user) }[0m
      [31m[0m
      [31mNoMethodError:[0m
      [31m  undefined method `each' for #<User:0x0000000009baca30>[0m
      [31m[0m
      [31m[0m
      [31m[0m
      [36m# /home/ec2-user/.rvm/gems/ruby-2.6.3/gems/factory_bot-6.1.0/lib/factory_bot/attribute_assigner.rb:16:in `public_send'[0m
      [36m# /home/ec2-user/.rvm/gems/ruby-2.6.3/gems/factory_bot-6.1.0/lib/factory_bot/attribute_assigner.rb:16:in `block (2 levels) in object'[0m
      [36m# /home/ec2-user/.rvm/gems/ruby-2.6.3/gems/factory_bot-6.1.0/lib/factory_bot/attribute_assigner.rb:15:in `each'[0m
      [36m# /home/ec2-user/.rvm/gems/ruby-2.6.3/gems/factory_bot-6.1.0/lib/factory_bot/attribute_assigner.rb:15:in `block in object'[0m
      [36m# /home/ec2-user/.rvm/gems/ruby-2.6.3/gems/factory_bot-6.1.0/lib/factory_bot/attribute_assigner.rb:14:in `tap'[0m
      [36m# /home/ec2-user/.rvm/gems/ruby-2.6.3/gems/factory_bot-6.1.0/lib/factory_bot/attribute_assigner.rb:14:in `object'[0m
      [36m# /home/ec2-user/.rvm/gems/ruby-2.6.3/gems/factory_bot-6.1.0/lib/factory_bot/evaluation.rb:13:in `object'[0m
      [36m# /home/ec2-user/.rvm/gems/ruby-2.6.3/gems/factory_bot-6.1.0/lib/factory_bot/strategy/create.rb:9:in `result'[0m
      [36m# /home/ec2-user/.rvm/gems/ruby-2.6.3/gems/factory_bot-6.1.0/lib/factory_bot/factory.rb:43:in `run'[0m
      [36m# /home/ec2-user/.rvm/gems/ruby-2.6.3/gems/factory_bot-6.1.0/lib/factory_bot/factory_runner.rb:29:in `block in run'[0m
      [36m# /home/ec2-user/.rvm/gems/ruby-2.6.3/gems/factory_bot-6.1.0/lib/factory_bot/factory_runner.rb:28:in `run'[0m
      [36m# /home/ec2-user/.rvm/gems/ruby-2.6.3/gems/factory_bot-6.1.0/lib/factory_bot/strategy_syntax_method_registrar.rb:28:in `block in define_singular_strategy_method'[0m
      [36m# ./spec/system/users_spec.rb:58:in `block (2 levels) in <main>'[0m

  57) ユーザーのテスト 一覧画面のテスト 表示の確認 自分と他の人の名前が表示される
      [31mFailure/Error: let!(:book) { create(:book, user: user) }[0m
      [31m[0m
      [31mNoMethodError:[0m
      [31m  undefined method `each' for #<User:0x0000000009bef9e8>[0m
      [31m[0m
      [31m[0m
      [31m[0m
      [36m# /home/ec2-user/.rvm/gems/ruby-2.6.3/gems/factory_bot-6.1.0/lib/factory_bot/attribute_assigner.rb:16:in `public_send'[0m
      [36m# /home/ec2-user/.rvm/gems/ruby-2.6.3/gems/factory_bot-6.1.0/lib/factory_bot/attribute_assigner.rb:16:in `block (2 levels) in object'[0m
      [36m# /home/ec2-user/.rvm/gems/ruby-2.6.3/gems/factory_bot-6.1.0/lib/factory_bot/attribute_assigner.rb:15:in `each'[0m
      [36m# /home/ec2-user/.rvm/gems/ruby-2.6.3/gems/factory_bot-6.1.0/lib/factory_bot/attribute_assigner.rb:15:in `block in object'[0m
      [36m# /home/ec2-user/.rvm/gems/ruby-2.6.3/gems/factory_bot-6.1.0/lib/factory_bot/attribute_assigner.rb:14:in `tap'[0m
      [36m# /home/ec2-user/.rvm/gems/ruby-2.6.3/gems/factory_bot-6.1.0/lib/factory_bot/attribute_assigner.rb:14:in `object'[0m
      [36m# /home/ec2-user/.rvm/gems/ruby-2.6.3/gems/factory_bot-6.1.0/lib/factory_bot/evaluation.rb:13:in `object'[0m
      [36m# /home/ec2-user/.rvm/gems/ruby-2.6.3/gems/factory_bot-6.1.0/lib/factory_bot/strategy/create.rb:9:in `result'[0m
      [36m# /home/ec2-user/.rvm/gems/ruby-2.6.3/gems/factory_bot-6.1.0/lib/factory_bot/factory.rb:43:in `run'[0m
      [36m# /home/ec2-user/.rvm/gems/ruby-2.6.3/gems/factory_bot-6.1.0/lib/factory_bot/factory_runner.rb:29:in `block in run'[0m
      [36m# /home/ec2-user/.rvm/gems/ruby-2.6.3/gems/factory_bot-6.1.0/lib/factory_bot/factory_runner.rb:28:in `run'[0m
      [36m# /home/ec2-user/.rvm/gems/ruby-2.6.3/gems/factory_bot-6.1.0/lib/factory_bot/strategy_syntax_method_registrar.rb:28:in `block in define_singular_strategy_method'[0m
      [36m# ./spec/system/users_spec.rb:58:in `block (2 levels) in <main>'[0m

  58) ユーザーのテスト 一覧画面のテスト 表示の確認 showリンクが表示される
      [31mFailure/Error: let!(:book) { create(:book, user: user) }[0m
      [31m[0m
      [31mNoMethodError:[0m
      [31m  undefined method `each' for #<User:0x0000000009c21768>[0m
      [31m[0m
      [31m[0m
      [31m[0m
      [36m# /home/ec2-user/.rvm/gems/ruby-2.6.3/gems/factory_bot-6.1.0/lib/factory_bot/attribute_assigner.rb:16:in `public_send'[0m
      [36m# /home/ec2-user/.rvm/gems/ruby-2.6.3/gems/factory_bot-6.1.0/lib/factory_bot/attribute_assigner.rb:16:in `block (2 levels) in object'[0m
      [36m# /home/ec2-user/.rvm/gems/ruby-2.6.3/gems/factory_bot-6.1.0/lib/factory_bot/attribute_assigner.rb:15:in `each'[0m
      [36m# /home/ec2-user/.rvm/gems/ruby-2.6.3/gems/factory_bot-6.1.0/lib/factory_bot/attribute_assigner.rb:15:in `block in object'[0m
      [36m# /home/ec2-user/.rvm/gems/ruby-2.6.3/gems/factory_bot-6.1.0/lib/factory_bot/attribute_assigner.rb:14:in `tap'[0m
      [36m# /home/ec2-user/.rvm/gems/ruby-2.6.3/gems/factory_bot-6.1.0/lib/factory_bot/attribute_assigner.rb:14:in `object'[0m
      [36m# /home/ec2-user/.rvm/gems/ruby-2.6.3/gems/factory_bot-6.1.0/lib/factory_bot/evaluation.rb:13:in `object'[0m
      [36m# /home/ec2-user/.rvm/gems/ruby-2.6.3/gems/factory_bot-6.1.0/lib/factory_bot/strategy/create.rb:9:in `result'[0m
      [36m# /home/ec2-user/.rvm/gems/ruby-2.6.3/gems/factory_bot-6.1.0/lib/factory_bot/factory.rb:43:in `run'[0m
      [36m# /home/ec2-user/.rvm/gems/ruby-2.6.3/gems/factory_bot-6.1.0/lib/factory_bot/factory_runner.rb:29:in `block in run'[0m
      [36m# /home/ec2-user/.rvm/gems/ruby-2.6.3/gems/factory_bot-6.1.0/lib/factory_bot/factory_runner.rb:28:in `run'[0m
      [36m# /home/ec2-user/.rvm/gems/ruby-2.6.3/gems/factory_bot-6.1.0/lib/factory_bot/strategy_syntax_method_registrar.rb:28:in `block in define_singular_strategy_method'[0m
      [36m# ./spec/system/users_spec.rb:58:in `block (2 levels) in <main>'[0m

  59) ユーザーのテスト 詳細画面のテスト 表示の確認 Booksと表示される
      [31mFailure/Error: let!(:book) { create(:book, user: user) }[0m
      [31m[0m
      [31mNoMethodError:[0m
      [31m  undefined method `each' for #<User:0x0000000009c62ad8>[0m
      [31m[0m
      [31m[0m
      [31m[0m
      [36m# /home/ec2-user/.rvm/gems/ruby-2.6.3/gems/factory_bot-6.1.0/lib/factory_bot/attribute_assigner.rb:16:in `public_send'[0m
      [36m# /home/ec2-user/.rvm/gems/ruby-2.6.3/gems/factory_bot-6.1.0/lib/factory_bot/attribute_assigner.rb:16:in `block (2 levels) in object'[0m
      [36m# /home/ec2-user/.rvm/gems/ruby-2.6.3/gems/factory_bot-6.1.0/lib/factory_bot/attribute_assigner.rb:15:in `each'[0m
      [36m# /home/ec2-user/.rvm/gems/ruby-2.6.3/gems/factory_bot-6.1.0/lib/factory_bot/attribute_assigner.rb:15:in `block in object'[0m
      [36m# /home/ec2-user/.rvm/gems/ruby-2.6.3/gems/factory_bot-6.1.0/lib/factory_bot/attribute_assigner.rb:14:in `tap'[0m
      [36m# /home/ec2-user/.rvm/gems/ruby-2.6.3/gems/factory_bot-6.1.0/lib/factory_bot/attribute_assigner.rb:14:in `object'[0m
      [36m# /home/ec2-user/.rvm/gems/ruby-2.6.3/gems/factory_bot-6.1.0/lib/factory_bot/evaluation.rb:13:in `object'[0m
      [36m# /home/ec2-user/.rvm/gems/ruby-2.6.3/gems/factory_bot-6.1.0/lib/factory_bot/strategy/create.rb:9:in `result'[0m
      [36m# /home/ec2-user/.rvm/gems/ruby-2.6.3/gems/factory_bot-6.1.0/lib/factory_bot/factory.rb:43:in `run'[0m
      [36m# /home/ec2-user/.rvm/gems/ruby-2.6.3/gems/factory_bot-6.1.0/lib/factory_bot/factory_runner.rb:29:in `block in run'[0m
      [36m# /home/ec2-user/.rvm/gems/ruby-2.6.3/gems/factory_bot-6.1.0/lib/factory_bot/factory_runner.rb:28:in `run'[0m
      [36m# /home/ec2-user/.rvm/gems/ruby-2.6.3/gems/factory_bot-6.1.0/lib/factory_bot/strategy_syntax_method_registrar.rb:28:in `block in define_singular_strategy_method'[0m
      [36m# ./spec/system/users_spec.rb:58:in `block (2 levels) in <main>'[0m

  60) ユーザーのテスト 詳細画面のテスト 表示の確認 投稿一覧のユーザーの画像のリンク先が正しい
      [31mFailure/Error: let!(:book) { create(:book, user: user) }[0m
      [31m[0m
      [31mNoMethodError:[0m
      [31m  undefined method `each' for #<User:0x0000000009c95a50>[0m
      [31m[0m
      [31m[0m
      [31m[0m
      [36m# /home/ec2-user/.rvm/gems/ruby-2.6.3/gems/factory_bot-6.1.0/lib/factory_bot/attribute_assigner.rb:16:in `public_send'[0m
      [36m# /home/ec2-user/.rvm/gems/ruby-2.6.3/gems/factory_bot-6.1.0/lib/factory_bot/attribute_assigner.rb:16:in `block (2 levels) in object'[0m
      [36m# /home/ec2-user/.rvm/gems/ruby-2.6.3/gems/factory_bot-6.1.0/lib/factory_bot/attribute_assigner.rb:15:in `each'[0m
      [36m# /home/ec2-user/.rvm/gems/ruby-2.6.3/gems/factory_bot-6.1.0/lib/factory_bot/attribute_assigner.rb:15:in `block in object'[0m
      [36m# /home/ec2-user/.rvm/gems/ruby-2.6.3/gems/factory_bot-6.1.0/lib/factory_bot/attribute_assigner.rb:14:in `tap'[0m
      [36m# /home/ec2-user/.rvm/gems/ruby-2.6.3/gems/factory_bot-6.1.0/lib/factory_bot/attribute_assigner.rb:14:in `object'[0m
      [36m# /home/ec2-user/.rvm/gems/ruby-2.6.3/gems/factory_bot-6.1.0/lib/factory_bot/evaluation.rb:13:in `object'[0m
      [36m# /home/ec2-user/.rvm/gems/ruby-2.6.3/gems/factory_bot-6.1.0/lib/factory_bot/strategy/create.rb:9:in `result'[0m
      [36m# /home/ec2-user/.rvm/gems/ruby-2.6.3/gems/factory_bot-6.1.0/lib/factory_bot/factory.rb:43:in `run'[0m
      [36m# /home/ec2-user/.rvm/gems/ruby-2.6.3/gems/factory_bot-6.1.0/lib/factory_bot/factory_runner.rb:29:in `block in run'[0m
      [36m# /home/ec2-user/.rvm/gems/ruby-2.6.3/gems/factory_bot-6.1.0/lib/factory_bot/factory_runner.rb:28:in `run'[0m
      [36m# /home/ec2-user/.rvm/gems/ruby-2.6.3/gems/factory_bot-6.1.0/lib/factory_bot/strategy_syntax_method_registrar.rb:28:in `block in define_singular_strategy_method'[0m
      [36m# ./spec/system/users_spec.rb:58:in `block (2 levels) in <main>'[0m

  61) ユーザーのテスト 詳細画面のテスト 表示の確認 投稿一覧のtitleのリンク先が正しい
      [31mFailure/Error: let!(:book) { create(:book, user: user) }[0m
      [31m[0m
      [31mNoMethodError:[0m
      [31m  undefined method `each' for #<User:0x0000000009cd3f30>[0m
      [31m[0m
      [31m[0m
      [31m[0m
      [36m# /home/ec2-user/.rvm/gems/ruby-2.6.3/gems/factory_bot-6.1.0/lib/factory_bot/attribute_assigner.rb:16:in `public_send'[0m
      [36m# /home/ec2-user/.rvm/gems/ruby-2.6.3/gems/factory_bot-6.1.0/lib/factory_bot/attribute_assigner.rb:16:in `block (2 levels) in object'[0m
      [36m# /home/ec2-user/.rvm/gems/ruby-2.6.3/gems/factory_bot-6.1.0/lib/factory_bot/attribute_assigner.rb:15:in `each'[0m
      [36m# /home/ec2-user/.rvm/gems/ruby-2.6.3/gems/factory_bot-6.1.0/lib/factory_bot/attribute_assigner.rb:15:in `block in object'[0m
      [36m# /home/ec2-user/.rvm/gems/ruby-2.6.3/gems/factory_bot-6.1.0/lib/factory_bot/attribute_assigner.rb:14:in `tap'[0m
      [36m# /home/ec2-user/.rvm/gems/ruby-2.6.3/gems/factory_bot-6.1.0/lib/factory_bot/attribute_assigner.rb:14:in `object'[0m
      [36m# /home/ec2-user/.rvm/gems/ruby-2.6.3/gems/factory_bot-6.1.0/lib/factory_bot/evaluation.rb:13:in `object'[0m
      [36m# /home/ec2-user/.rvm/gems/ruby-2.6.3/gems/factory_bot-6.1.0/lib/factory_bot/strategy/create.rb:9:in `result'[0m
      [36m# /home/ec2-user/.rvm/gems/ruby-2.6.3/gems/factory_bot-6.1.0/lib/factory_bot/factory.rb:43:in `run'[0m
      [36m# /home/ec2-user/.rvm/gems/ruby-2.6.3/gems/factory_bot-6.1.0/lib/factory_bot/factory_runner.rb:29:in `block in run'[0m
      [36m# /home/ec2-user/.rvm/gems/ruby-2.6.3/gems/factory_bot-6.1.0/lib/factory_bot/factory_runner.rb:28:in `run'[0m
      [36m# /home/ec2-user/.rvm/gems/ruby-2.6.3/gems/factory_bot-6.1.0/lib/factory_bot/strategy_syntax_method_registrar.rb:28:in `block in define_singular_strategy_method'[0m
      [36m# ./spec/system/users_spec.rb:58:in `block (2 levels) in <main>'[0m

  62) ユーザーのテスト 詳細画面のテスト 表示の確認 投稿一覧にopinionが表示される
      [31mFailure/Error: let!(:book) { create(:book, user: user) }[0m
      [31m[0m
      [31mNoMethodError:[0m
      [31m  undefined method `each' for #<User:0x0000000009d0ab98>[0m
      [31m[0m
      [31m[0m
      [31m[0m
      [36m# /home/ec2-user/.rvm/gems/ruby-2.6.3/gems/factory_bot-6.1.0/lib/factory_bot/attribute_assigner.rb:16:in `public_send'[0m
      [36m# /home/ec2-user/.rvm/gems/ruby-2.6.3/gems/factory_bot-6.1.0/lib/factory_bot/attribute_assigner.rb:16:in `block (2 levels) in object'[0m
      [36m# /home/ec2-user/.rvm/gems/ruby-2.6.3/gems/factory_bot-6.1.0/lib/factory_bot/attribute_assigner.rb:15:in `each'[0m
      [36m# /home/ec2-user/.rvm/gems/ruby-2.6.3/gems/factory_bot-6.1.0/lib/factory_bot/attribute_assigner.rb:15:in `block in object'[0m
      [36m# /home/ec2-user/.rvm/gems/ruby-2.6.3/gems/factory_bot-6.1.0/lib/factory_bot/attribute_assigner.rb:14:in `tap'[0m
      [36m# /home/ec2-user/.rvm/gems/ruby-2.6.3/gems/factory_bot-6.1.0/lib/factory_bot/attribute_assigner.rb:14:in `object'[0m
      [36m# /home/ec2-user/.rvm/gems/ruby-2.6.3/gems/factory_bot-6.1.0/lib/factory_bot/evaluation.rb:13:in `object'[0m
      [36m# /home/ec2-user/.rvm/gems/ruby-2.6.3/gems/factory_bot-6.1.0/lib/factory_bot/strategy/create.rb:9:in `result'[0m
      [36m# /home/ec2-user/.rvm/gems/ruby-2.6.3/gems/factory_bot-6.1.0/lib/factory_bot/factory.rb:43:in `run'[0m
      [36m# /home/ec2-user/.rvm/gems/ruby-2.6.3/gems/factory_bot-6.1.0/lib/factory_bot/factory_runner.rb:29:in `block in run'[0m
      [36m# /home/ec2-user/.rvm/gems/ruby-2.6.3/gems/factory_bot-6.1.0/lib/factory_bot/factory_runner.rb:28:in `run'[0m
      [36m# /home/ec2-user/.rvm/gems/ruby-2.6.3/gems/factory_bot-6.1.0/lib/factory_bot/strategy_syntax_method_registrar.rb:28:in `block in define_singular_strategy_method'[0m
      [36m# ./spec/system/users_spec.rb:58:in `block (2 levels) in <main>'[0m

Finished in 3.62 seconds (files took 1.3 seconds to load)
[31m95 examples, 62 failures[0m

Failed examples:

[31mrspec ./spec/models/book_spec.rb:27[0m [36m# Bookモデルのテスト アソシエーションのテスト Userモデルとの関係 N:1となっている[0m
[31mrspec ./spec/models/user_spec.rb:30[0m [36m# Userモデルのテスト バリデーションのテスト introductionカラム 50文字以下であること[0m
[31mrspec ./spec/system/books_spec.rb:16[0m [36m# 投稿のテスト サイドバーのテスト 表示の確認 New bookと表示される[0m
[31mrspec ./spec/system/books_spec.rb:19[0m [36m# 投稿のテスト サイドバーのテスト 表示の確認 titleフォームが表示される[0m
[31mrspec ./spec/system/books_spec.rb:22[0m [36m# 投稿のテスト サイドバーのテスト 表示の確認 opinionフォームが表示される[0m
[31mrspec ./spec/system/books_spec.rb:25[0m [36m# 投稿のテスト サイドバーのテスト 表示の確認 Create Bookボタンが表示される[0m
[31mrspec ./spec/system/books_spec.rb:28[0m [36m# 投稿のテスト サイドバーのテスト 表示の確認 投稿に成功する[0m
[31mrspec ./spec/system/books_spec.rb:34[0m [36m# 投稿のテスト サイドバーのテスト 表示の確認 投稿に失敗する[0m
[31mrspec ./spec/system/books_spec.rb:44[0m [36m# 投稿のテスト 編集のテスト 自分の投稿の編集画面への遷移 遷移できる[0m
[31mrspec ./spec/system/books_spec.rb:50[0m [36m# 投稿のテスト 編集のテスト 他人の投稿の編集画面への遷移 遷移できない[0m
[31mrspec ./spec/system/books_spec.rb:59[0m [36m# 投稿のテスト 編集のテスト 表示の確認 Editing Bookと表示される[0m
[31mrspec ./spec/system/books_spec.rb:62[0m [36m# 投稿のテスト 編集のテスト 表示の確認 title編集フォームが表示される[0m
[31mrspec ./spec/system/books_spec.rb:65[0m [36m# 投稿のテスト 編集のテスト 表示の確認 opinion編集フォームが表示される[0m
[31mrspec ./spec/system/books_spec.rb:68[0m [36m# 投稿のテスト 編集のテスト 表示の確認 Showリンクが表示される[0m
[31mrspec ./spec/system/books_spec.rb:71[0m [36m# 投稿のテスト 編集のテスト 表示の確認 Backリンクが表示される[0m
[31mrspec ./spec/system/books_spec.rb:76[0m [36m# 投稿のテスト 編集のテスト フォームの確認 編集に成功する[0m
[31mrspec ./spec/system/books_spec.rb:82[0m [36m# 投稿のテスト 編集のテスト フォームの確認 編集に失敗する[0m
[31mrspec ./spec/system/books_spec.rb:97[0m [36m# 投稿のテスト 一覧画面のテスト 表示の確認 Booksと表示される[0m
[31mrspec ./spec/system/books_spec.rb:100[0m [36m# 投稿のテスト 一覧画面のテスト 表示の確認 自分と他人の画像のリンク先が正しい[0m
[31mrspec ./spec/system/books_spec.rb:104[0m [36m# 投稿のテスト 一覧画面のテスト 表示の確認 自分と他人のタイトルのリンク先が正しい[0m
[31mrspec ./spec/system/books_spec.rb:108[0m [36m# 投稿のテスト 一覧画面のテスト 表示の確認 自分と他人のオピニオンが表示される[0m
[31mrspec ./spec/system/books_spec.rb:117[0m [36m# 投稿のテスト 詳細画面のテスト 自分・他人共通の投稿詳細画面の表示を確認 Book detailと表示される[0m
[31mrspec ./spec/system/books_spec.rb:121[0m [36m# 投稿のテスト 詳細画面のテスト 自分・他人共通の投稿詳細画面の表示を確認 ユーザー画像・名前のリンク先が正しい[0m
[31mrspec ./spec/system/books_spec.rb:125[0m [36m# 投稿のテスト 詳細画面のテスト 自分・他人共通の投稿詳細画面の表示を確認 投稿のtitleが表示される[0m
[31mrspec ./spec/system/books_spec.rb:129[0m [36m# 投稿のテスト 詳細画面のテスト 自分・他人共通の投稿詳細画面の表示を確認 投稿のopinionが表示される[0m
[31mrspec ./spec/system/books_spec.rb:135[0m [36m# 投稿のテスト 詳細画面のテスト 自分の投稿詳細画面の表示を確認 投稿の編集リンクが表示される[0m
[31mrspec ./spec/system/books_spec.rb:139[0m [36m# 投稿のテスト 詳細画面のテスト 自分の投稿詳細画面の表示を確認 投稿の削除リンクが表示される[0m
[31mrspec ./spec/system/books_spec.rb:145[0m [36m# 投稿のテスト 詳細画面のテスト 他人の投稿詳細画面の表示を確認 投稿の編集リンクが表示されない[0m
[31mrspec ./spec/system/books_spec.rb:149[0m [36m# 投稿のテスト 詳細画面のテスト 他人の投稿詳細画面の表示を確認 投稿の削除リンクが表示されない[0m
[31mrspec ./spec/system/bootstrap_spec.rb:14[0m [36m# bootstrapのテスト グリッドシステムのテスト ユーザー関連画面 一覧画面[0m
[31mrspec ./spec/system/bootstrap_spec.rb:19[0m [36m# bootstrapのテスト グリッドシステムのテスト ユーザー関連画面 詳細画面[0m
[31mrspec ./spec/system/bootstrap_spec.rb:26[0m [36m# bootstrapのテスト グリッドシステムのテスト 投稿関連画面 一覧画面[0m
[31mrspec ./spec/system/bootstrap_spec.rb:31[0m [36m# bootstrapのテスト グリッドシステムのテスト 投稿関連画面 詳細画面[0m
[31mrspec ./spec/system/header_spec.rb:103[0m [36m# ヘッダーのテスト ログインしている場合 ヘッダーのリンクを確認 Users画面に遷移する[0m
[31mrspec ./spec/system/header_spec.rb:115[0m [36m# ヘッダーのテスト ログインしている場合 ヘッダーのリンクを確認 logoutする[0m
[31mrspec ./spec/system/main_spec.rb:8[0m [36m# ユーザー権限のテスト ログインしていない場合 投稿関連のURLにアクセス 一覧画面に遷移できない[0m
[31mrspec ./spec/system/main_spec.rb:12[0m [36m# ユーザー権限のテスト ログインしていない場合 投稿関連のURLにアクセス 編集画面に遷移できない[0m
[31mrspec ./spec/system/main_spec.rb:16[0m [36m# ユーザー権限のテスト ログインしていない場合 投稿関連のURLにアクセス 詳細画面に遷移できない[0m
[31mrspec ./spec/system/main_spec.rb:24[0m [36m# ユーザー権限のテスト ログインしていない場合にユーザー関連のURLにアクセス ユーザー関連のURLにアクセス 一覧画面に遷移できない[0m
[31mrspec ./spec/system/main_spec.rb:28[0m [36m# ユーザー権限のテスト ログインしていない場合にユーザー関連のURLにアクセス ユーザー関連のURLにアクセス 編集画面に遷移できない[0m
[31mrspec ./spec/system/main_spec.rb:32[0m [36m# ユーザー権限のテスト ログインしていない場合にユーザー関連のURLにアクセス ユーザー関連のURLにアクセス 詳細画面に遷移でない[0m
[31mrspec ./spec/system/users_spec.rb:67[0m [36m# ユーザーのテスト サイドバーのテスト 表示の確認 User infoと表示される[0m
[31mrspec ./spec/system/users_spec.rb:70[0m [36m# ユーザーのテスト サイドバーのテスト 表示の確認 画像が表示される[0m
[31mrspec ./spec/system/users_spec.rb:73[0m [36m# ユーザーのテスト サイドバーのテスト 表示の確認 名前が表示される[0m
[31mrspec ./spec/system/users_spec.rb:76[0m [36m# ユーザーのテスト サイドバーのテスト 表示の確認 自己紹介が表示される[0m
[31mrspec ./spec/system/users_spec.rb:79[0m [36m# ユーザーのテスト サイドバーのテスト 表示の確認 編集リンクが表示される[0m
[31mrspec ./spec/system/users_spec.rb:88[0m [36m# ユーザーのテスト 編集のテスト 自分の編集画面への遷移 遷移できる[0m
[31mrspec ./spec/system/users_spec.rb:94[0m [36m# ユーザーのテスト 編集のテスト 他人の編集画面への遷移 遷移できない[0m
[31mrspec ./spec/system/users_spec.rb:104[0m [36m# ユーザーのテスト 編集のテスト 表示の確認 User infoと表示される[0m
[31mrspec ./spec/system/users_spec.rb:107[0m [36m# ユーザーのテスト 編集のテスト 表示の確認 名前編集フォームに自分の名前が表示される[0m
[31mrspec ./spec/system/users_spec.rb:110[0m [36m# ユーザーのテスト 編集のテスト 表示の確認 画像編集フォームが表示される[0m
[31mrspec ./spec/system/users_spec.rb:113[0m [36m# ユーザーのテスト 編集のテスト 表示の確認 自己紹介編集フォームに自分の自己紹介が表示される[0m
[31mrspec ./spec/system/users_spec.rb:116[0m [36m# ユーザーのテスト 編集のテスト 表示の確認 編集に成功する[0m
[31mrspec ./spec/system/users_spec.rb:121[0m [36m# ユーザーのテスト 編集のテスト 表示の確認 編集に失敗する[0m
[31mrspec ./spec/system/users_spec.rb:136[0m [36m# ユーザーのテスト 一覧画面のテスト 表示の確認 Usersと表示される[0m
[31mrspec ./spec/system/users_spec.rb:139[0m [36m# ユーザーのテスト 一覧画面のテスト 表示の確認 自分と他の人の画像が表示される[0m
[31mrspec ./spec/system/users_spec.rb:142[0m [36m# ユーザーのテスト 一覧画面のテスト 表示の確認 自分と他の人の名前が表示される[0m
[31mrspec ./spec/system/users_spec.rb:146[0m [36m# ユーザーのテスト 一覧画面のテスト 表示の確認 showリンクが表示される[0m
[31mrspec ./spec/system/users_spec.rb:157[0m [36m# ユーザーのテスト 詳細画面のテスト 表示の確認 Booksと表示される[0m
[31mrspec ./spec/system/users_spec.rb:160[0m [36m# ユーザーのテスト 詳細画面のテスト 表示の確認 投稿一覧のユーザーの画像のリンク先が正しい[0m
[31mrspec ./spec/system/users_spec.rb:163[0m [36m# ユーザーのテスト 詳細画面のテスト 表示の確認 投稿一覧のtitleのリンク先が正しい[0m
[31mrspec ./spec/system/users_spec.rb:166[0m [36m# ユーザーのテスト 詳細画面のテスト 表示の確認 投稿一覧にopinionが表示される[0m

